[2025-06-15T09:37:36.488Z] [INFO] Fetched data from table=messages with conditions=[{"field":"email","value":"sara3280624@gmail.com"}]
[2025-06-15T09:37:36.494Z] [INFO] Fetched data from table = developers 
[2025-06-15T09:37:36.499Z] [INFO] Fetched data from table=messages with conditions=[{"field":"email","value":"sara3280624@gmail.com"}]
[2025-06-15T09:37:36.501Z] [INFO] Fetched data from table = developers 
[2025-06-15T09:37:36.506Z] [INFO] Fetched data from table=messages with conditions=[{"field":"email","value":"sara3280624@gmail.com"}]
[2025-06-15T09:37:36.508Z] [INFO] Fetched data from table = developers 
[2025-06-15T09:37:36.734Z] [INFO] Fetched data from table = developers 
[2025-06-15T09:37:37.929Z] [INFO] Fetched data from table=messages with conditions=[{"field":"email","value":"sara3280624@gmail.com"}]
[2025-06-15T09:37:37.933Z] [INFO] Fetched data from table = developers 
[2025-06-15T09:37:37.939Z] [INFO] Fetched data from table=messages with conditions=[{"field":"email","value":"sara3280624@gmail.com"}]
[2025-06-15T09:37:37.942Z] [INFO] Fetched data from table = developers 
[2025-06-15T09:37:37.969Z] [INFO] Fetched data from table = developers 
[2025-06-15T09:37:39.932Z] [INFO] Fetched data from table=messages with conditions=[{"field":"email","value":"sara3280624@gmail.com"}]
[2025-06-15T09:37:39.934Z] [INFO] Fetched data from table = developers 
[2025-06-15T09:37:39.941Z] [INFO] Fetched data from table=messages with conditions=[{"field":"email","value":"sara3280624@gmail.com"}]
[2025-06-15T09:37:39.946Z] [INFO] Fetched data from table = developers 
[2025-06-15T09:37:39.979Z] [INFO] Fetched data from table = developers 
[2025-06-15T09:37:40.934Z] [INFO] Fetched data from table=messages with conditions=[{"field":"email","value":"sara3280624@gmail.com"}]
[2025-06-15T09:37:40.937Z] [INFO] Fetched data from table = developers 
[2025-06-15T09:37:40.943Z] [INFO] Fetched data from table=messages with conditions=[{"field":"email","value":"sara3280624@gmail.com"}]
[2025-06-15T09:37:40.946Z] [INFO] Fetched data from table = developers 
[2025-06-15T09:37:40.969Z] [INFO] Fetched data from table = developers 
[2025-06-15T09:37:52.616Z] [INFO] User logged out
[2025-06-15T09:37:52.685Z] [INFO] Fetched data from table = developers 
[2025-06-15T09:38:33.064Z] [INFO] User registered successfully: email=miri@miri.com, ip=::1
[2025-06-15T09:38:33.122Z] [INFO] Fetched data from table=messages with conditions=[{"field":"email","value":"miri@miri.com"}]
[2025-06-15T09:38:33.128Z] [INFO] Fetched data from table=messages with conditions=[{"field":"email","value":"miri@miri.com"}]
[2025-06-15T09:38:35.233Z] [INFO] Fetched data from table=users 
[2025-06-15T09:38:35.243Z] [INFO] Fetched data from table=users 
[2025-06-15T09:38:35.257Z] [INFO] Fetched data from table=jobs with conditions=[{"field":"username","value":"miri"}]
[2025-06-15T09:38:35.270Z] [INFO] Fetched data from table=jobs with conditions=[{"field":"username","value":"miri"}]
[2025-06-15T09:39:14.673Z] [INFO] Fetched data from table=messages with conditions=[{"field":"email","value":"miri@miri.com"}]
[2025-06-15T09:39:14.677Z] [INFO] Fetched data from table=users 
[2025-06-15T09:39:14.679Z] [INFO] Fetched data from table=messages with conditions=[{"field":"email","value":"miri@miri.com"}]
[2025-06-15T09:39:14.686Z] [INFO] Fetched data from table=users 
[2025-06-15T09:39:14.700Z] [INFO] Fetched data from table=messages with conditions=[{"field":"email","value":"miri@miri.com"}]
[2025-06-15T09:39:15.141Z] [INFO] Fetched data from table=jobs with conditions=[{"field":"username","value":"miri"}]
[2025-06-15T09:39:38.373Z] [INFO] Fetched data from table=messages with conditions=[{"field":"email","value":"miri@miri.com"}]
[2025-06-15T09:39:38.388Z] [INFO] Fetched data from table=users 
[2025-06-15T09:39:38.386Z] [INFO] Fetched data from table=messages with conditions=[{"field":"email","value":"miri@miri.com"}]
[2025-06-15T09:39:38.394Z] [INFO] Fetched data from table=users 
[2025-06-15T09:39:38.406Z] [INFO] Fetched data from table=messages with conditions=[{"field":"email","value":"miri@miri.com"}]
[2025-06-15T09:40:06.480Z] [INFO] Fetched data from table=jobs with conditions=[{"field":"username","value":"miri"}]
[2025-06-15T09:40:37.823Z] [INFO] Fetched data from table=messages with conditions=[{"field":"email","value":"miri@miri.com"}]
[2025-06-15T09:40:37.826Z] [INFO] Fetched data from table=users 
[2025-06-15T09:40:37.830Z] [INFO] Fetched data from table=messages with conditions=[{"field":"email","value":"miri@miri.com"}]
[2025-06-15T09:40:37.836Z] [INFO] Fetched data from table=users 
[2025-06-15T09:40:37.847Z] [INFO] Fetched data from table=messages with conditions=[{"field":"email","value":"miri@miri.com"}]
[2025-06-15T09:41:25.813Z] [INFO] Fetched data from table=jobs with conditions=[{"field":"username","value":"miri"}]
[2025-06-15T09:42:23.953Z] [INFO] Fetched data from table=messages with conditions=[{"field":"email","value":"miri@miri.com"}]
[2025-06-15T09:42:23.956Z] [INFO] Fetched data from table=users 
[2025-06-15T09:42:23.963Z] [INFO] Fetched data from table=messages with conditions=[{"field":"email","value":"miri@miri.com"}]
[2025-06-15T09:42:23.967Z] [INFO] Fetched data from table=users 
[2025-06-15T09:42:24.016Z] [INFO] Fetched data from table=jobs with conditions=[{"field":"username","value":"miri"}]
[2025-06-15T09:42:47.930Z] [INFO] Fetched data from table=messages with conditions=[{"field":"email","value":"miri@miri.com"}]
[2025-06-15T09:42:47.934Z] [INFO] Fetched data from table=users 
[2025-06-15T09:42:47.939Z] [INFO] Fetched data from table=messages with conditions=[{"field":"email","value":"miri@miri.com"}]
[2025-06-15T09:42:47.943Z] [INFO] Fetched data from table=users 
[2025-06-15T09:42:48.004Z] [INFO] Fetched data from table=jobs with conditions=[{"field":"username","value":"miri"}]
[2025-06-15T09:42:56.923Z] [INFO] Fetched data from table=messages with conditions=[{"field":"email","value":"miri@miri.com"}]
[2025-06-15T09:42:56.926Z] [INFO] Fetched data from table=users 
[2025-06-15T09:42:56.932Z] [INFO] Fetched data from table=messages with conditions=[{"field":"email","value":"miri@miri.com"}]
[2025-06-15T09:42:56.936Z] [INFO] Fetched data from table=users 
[2025-06-15T09:42:56.977Z] [INFO] Fetched data from table=jobs with conditions=[{"field":"username","value":"miri"}]
[2025-06-15T09:42:57.921Z] [INFO] Fetched data from table=messages with conditions=[{"field":"email","value":"miri@miri.com"}]
[2025-06-15T09:42:57.928Z] [INFO] Fetched data from table=users 
[2025-06-15T09:42:57.930Z] [INFO] Fetched data from table=messages with conditions=[{"field":"email","value":"miri@miri.com"}]
[2025-06-15T09:42:57.938Z] [INFO] Fetched data from table=users 
[2025-06-15T09:42:57.972Z] [INFO] Fetched data from table=jobs with conditions=[{"field":"username","value":"miri"}]
[2025-06-15T09:43:05.208Z] [INFO] Fetched data from table=messages with conditions=[{"field":"email","value":"miri@miri.com"}]
[2025-06-15T09:43:05.210Z] [INFO] Fetched data from table=users 
[2025-06-15T09:43:05.213Z] [INFO] Fetched data from table=messages with conditions=[{"field":"email","value":"miri@miri.com"}]
[2025-06-15T09:43:05.214Z] [INFO] Fetched data from table=users 
[2025-06-15T09:43:05.228Z] [INFO] Fetched data from table=messages with conditions=[{"field":"email","value":"miri@miri.com"}]
[2025-06-15T09:43:33.206Z] [INFO] Fetched data from table=messages with conditions=[{"field":"email","value":"miri@miri.com"}]
[2025-06-15T09:43:33.220Z] [INFO] Fetched data from table=users 
[2025-06-15T09:43:33.225Z] [INFO] Fetched data from table=messages with conditions=[{"field":"email","value":"miri@miri.com"}]
[2025-06-15T09:43:33.229Z] [INFO] Fetched data from table=users 
[2025-06-15T09:43:33.274Z] [INFO] Fetched data from table=messages with conditions=[{"field":"email","value":"miri@miri.com"}]
[2025-06-15T09:43:42.085Z] [INFO] Fetched data from table=jobs with conditions=[{"field":"username","value":"miri"}]
[2025-06-15T09:43:50.327Z] [INFO] Updated messager for user= [object Object] with data={"is_read":true}
[2025-06-15T09:43:50.348Z] [INFO] Fetched data from table=messages with conditions=[{"field":"email","value":"miri@miri.com"}]
[2025-06-15T09:43:53.161Z] [INFO] Fetched data from table=messages with conditions=[{"field":"email","value":"miri@miri.com"}]
[2025-06-15T09:43:54.933Z] [INFO] Fetched data from table=projects with conditions=[]
[2025-06-15T09:43:54.940Z] [INFO] Fetched data from table=projects with conditions=[]
[2025-06-15T09:43:57.282Z] [INFO] Fetched data from table=users 
[2025-06-15T09:43:57.288Z] [INFO] Fetched data from table=users 
[2025-06-15T09:44:43.936Z] [INFO] Fetched data from table=messages with conditions=[{"field":"email","value":"miri@miri.com"}]
[2025-06-15T09:44:43.944Z] [INFO] Fetched data from table=messages with conditions=[{"field":"email","value":"miri@miri.com"}]
[2025-06-15T09:44:43.946Z] [INFO] Fetched data from table=users 
[2025-06-15T09:44:43.954Z] [INFO] Fetched data from table=users 
[2025-06-15T09:44:43.967Z] [INFO] Fetched data from table=messages with conditions=[{"field":"email","value":"miri@miri.com"}]
[2025-06-15T09:44:46.226Z] [INFO] Fetched data from table=jobs with conditions=[{"field":"username","value":"miri"}]
[2025-06-15T09:44:58.234Z] [INFO] User logged out
[2025-06-15T09:45:32.796Z] [INFO] User logged in successfully: user name=miri, ip=::1
[2025-06-15T09:45:32.827Z] [INFO] Fetched data from table=messages with conditions=[{"field":"email","value":"miri@miri.com"}]
[2025-06-15T09:45:32.831Z] [INFO] Fetched data from table=messages with conditions=[{"field":"email","value":"miri@miri.com"}]
[2025-06-15T09:45:34.693Z] [INFO] Fetched data from table=users 
[2025-06-15T09:45:34.702Z] [INFO] Fetched data from table=users 
[2025-06-15T09:45:34.711Z] [INFO] Fetched data from table=jobs with conditions=[{"field":"username","value":"miri"}]
[2025-06-15T09:45:34.716Z] [INFO] Fetched data from table=jobs with conditions=[{"field":"username","value":"miri"}]
[2025-06-15T09:46:00.935Z] [INFO] Fetched data from table=messages with conditions=[{"field":"email","value":"miri@miri.com"}]
[2025-06-15T09:46:00.939Z] [INFO] Fetched data from table=users 
[2025-06-15T09:46:00.944Z] [INFO] Fetched data from table=messages with conditions=[{"field":"email","value":"miri@miri.com"}]
[2025-06-15T09:46:00.946Z] [INFO] Fetched data from table=users 
[2025-06-15T09:46:01.003Z] [INFO] Fetched data from table=jobs with conditions=[{"field":"username","value":"miri"}]
[2025-06-15T09:46:07.930Z] [INFO] Fetched data from table=messages with conditions=[{"field":"email","value":"miri@miri.com"}]
[2025-06-15T09:46:07.937Z] [INFO] Fetched data from table=messages with conditions=[{"field":"email","value":"miri@miri.com"}]
[2025-06-15T09:46:07.939Z] [INFO] Fetched data from table=users 
[2025-06-15T09:46:07.947Z] [INFO] Fetched data from table=users 
[2025-06-15T09:46:07.986Z] [INFO] Fetched data from table=jobs with conditions=[{"field":"username","value":"miri"}]
[2025-06-15T09:46:16.939Z] [INFO] Fetched data from table=messages with conditions=[{"field":"email","value":"miri@miri.com"}]
[2025-06-15T09:46:16.944Z] [INFO] Fetched data from table=users 
[2025-06-15T09:46:16.943Z] [INFO] Fetched data from table=messages with conditions=[{"field":"email","value":"miri@miri.com"}]
[2025-06-15T09:46:16.949Z] [INFO] Fetched data from table=users 
[2025-06-15T09:46:16.955Z] [INFO] Fetched data from table=messages with conditions=[{"field":"email","value":"miri@miri.com"}]
[2025-06-15T09:46:17.105Z] [INFO] Fetched data from table=jobs with conditions=[{"field":"username","value":"miri"}]
[2025-06-15T09:46:31.966Z] [INFO] Fetched data from table=messages with conditions=[{"field":"email","value":"miri@miri.com"}]
[2025-06-15T09:46:31.974Z] [INFO] Fetched data from table=users 
[2025-06-15T09:46:31.976Z] [INFO] Fetched data from table=messages with conditions=[{"field":"email","value":"miri@miri.com"}]
[2025-06-15T09:46:31.983Z] [INFO] Fetched data from table=users 
[2025-06-15T09:46:32.015Z] [INFO] Fetched data from table=messages with conditions=[{"field":"email","value":"miri@miri.com"}]
[2025-06-15T09:46:32.045Z] [INFO] Fetched data from table=jobs with conditions=[{"field":"username","value":"miri"}]
[2025-06-15T09:46:33.917Z] [INFO] Fetched data from table=messages with conditions=[{"field":"email","value":"miri@miri.com"}]
[2025-06-15T09:46:33.923Z] [INFO] Fetched data from table=users 
[2025-06-15T09:46:33.924Z] [INFO] Fetched data from table=messages with conditions=[{"field":"email","value":"miri@miri.com"}]
[2025-06-15T09:46:33.929Z] [INFO] Fetched data from table=users 
[2025-06-15T09:46:33.930Z] [INFO] Fetched data from table=messages with conditions=[{"field":"email","value":"miri@miri.com"}]
[2025-06-15T09:46:33.994Z] [INFO] Fetched data from table=jobs with conditions=[{"field":"username","value":"miri"}]
[2025-06-15T09:46:38.231Z] [INFO] User logged out
[2025-06-15T09:47:11.699Z] [INFO] User registered successfully: email=chana@chana.com, ip=::1
[2025-06-15T09:47:11.749Z] [INFO] Fetched data from table=messages with conditions=[{"field":"email","value":"chana@chana.com"}]
[2025-06-15T09:47:11.755Z] [INFO] Fetched data from table=messages with conditions=[{"field":"email","value":"chana@chana.com"}]
[2025-06-15T09:47:18.228Z] [INFO] Fetched data from table=users 
[2025-06-15T09:47:18.238Z] [INFO] Fetched data from table=users 
[2025-06-15T09:47:18.248Z] [INFO] Fetched data from table=jobs with conditions=[{"field":"username","value":"chana"}]
[2025-06-15T09:47:18.259Z] [INFO] Fetched data from table=jobs with conditions=[{"field":"username","value":"chana"}]
[2025-06-15T09:47:20.476Z] [INFO] User logged out
[2025-06-15T10:41:23.732Z] [INFO] Fetched data from table=jobs with conditions=[]
[2025-06-15T10:41:23.740Z] [INFO] Fetched data from table=jobs with conditions=[]
[2025-06-15T11:06:33.250Z] [INFO] User registered successfully: email=sara3280624@gmail.com, ip=::1
[2025-06-15T11:06:33.359Z] [INFO] Fetched data from table=messages with conditions=[{"field":"email","value":"sara3280624@gmail.com"}]
[2025-06-15T11:06:33.367Z] [INFO] Fetched data from table=messages with conditions=[{"field":"email","value":"sara3280624@gmail.com"}]
[2025-06-15T11:06:35.390Z] [INFO] Fetched data from table=users 
[2025-06-15T11:06:35.403Z] [INFO] Fetched data from table=users 
[2025-06-15T11:06:35.437Z] [INFO] Fetched data from table=projects with conditions=[{"field":"username","value":"sara"}]
[2025-06-15T11:06:35.453Z] [INFO] Fetched data from table=projects with conditions=[{"field":"username","value":"sara"}]
[2025-06-15T11:06:38.528Z] [INFO] Fetched data from table=messages with conditions=[{"field":"email","value":"sara3280624@gmail.com"}]
[2025-06-15T11:06:38.534Z] [INFO] Fetched data from table=messages with conditions=[{"field":"email","value":"sara3280624@gmail.com"}]
[2025-06-15T11:06:38.543Z] [INFO] Fetched data from table=messages with conditions=[{"field":"email","value":"sara3280624@gmail.com"}]
[2025-06-15T11:09:17.250Z] [INFO] Fetched data from table=messages with conditions=[{"field":"email","value":"sara3280624@gmail.com"}]
[2025-06-15T11:09:17.255Z] [INFO] Fetched data from table=messages with conditions=[{"field":"email","value":"sara3280624@gmail.com"}]
[2025-06-15T11:09:17.280Z] [INFO] Fetched data from table=messages with conditions=[{"field":"email","value":"sara3280624@gmail.com"}]
[2025-06-15T11:11:14.068Z] [INFO] Fetched data from table=messages with conditions=[{"field":"email","value":"sara3280624@gmail.com"}]
[2025-06-15T11:11:14.072Z] [INFO] Fetched data from table=messages with conditions=[{"field":"email","value":"sara3280624@gmail.com"}]
[2025-06-15T11:11:20.470Z] [INFO] Fetched data from table=messages with conditions=[{"field":"email","value":"sara3280624@gmail.com"}]
[2025-06-15T11:11:20.474Z] [INFO] Fetched data from table=messages with conditions=[{"field":"email","value":"sara3280624@gmail.com"}]
[2025-06-15T11:11:20.480Z] [INFO] Fetched data from table=messages with conditions=[{"field":"email","value":"sara3280624@gmail.com"}]
[2025-06-15T11:11:23.142Z] [INFO] Fetched data from table=users 
[2025-06-15T11:11:23.155Z] [INFO] Fetched data from table=users 
[2025-06-15T11:11:23.177Z] [INFO] Fetched data from table=projects with conditions=[{"field":"username","value":"sara"}]
[2025-06-15T11:11:23.195Z] [INFO] Fetched data from table=projects with conditions=[{"field":"username","value":"sara"}]
[2025-06-15T11:11:45.925Z] [INFO] Fetched data from table=messages with conditions=[{"field":"email","value":"sara3280624@gmail.com"}]
[2025-06-15T11:11:45.929Z] [INFO] Fetched data from table=messages with conditions=[{"field":"email","value":"sara3280624@gmail.com"}]
[2025-06-15T11:11:45.931Z] [INFO] Fetched data from table=users 
[2025-06-15T11:11:45.936Z] [INFO] Fetched data from table=users 
[2025-06-15T11:11:45.961Z] [INFO] Fetched data from table=projects with conditions=[{"field":"username","value":"sara"}]
[2025-06-15T11:11:49.300Z] [INFO] Fetched data from table=messages with conditions=[{"field":"email","value":"sara3280624@gmail.com"}]
[2025-06-15T11:11:49.303Z] [INFO] Fetched data from table=users 
[2025-06-15T11:11:49.306Z] [INFO] Fetched data from table=messages with conditions=[{"field":"email","value":"sara3280624@gmail.com"}]
[2025-06-15T11:11:49.309Z] [INFO] Fetched data from table=users 
[2025-06-15T11:11:49.313Z] [INFO] Fetched data from table=messages with conditions=[{"field":"email","value":"sara3280624@gmail.com"}]
[2025-06-15T11:11:49.358Z] [INFO] Fetched data from table=projects with conditions=[{"field":"username","value":"sara"}]
[2025-06-15T11:12:11.929Z] [INFO] Fetched data from table=messages with conditions=[{"field":"email","value":"sara3280624@gmail.com"}]
[2025-06-15T11:12:11.932Z] [INFO] Fetched data from table=users 
[2025-06-15T11:12:11.934Z] [INFO] Fetched data from table=messages with conditions=[{"field":"email","value":"sara3280624@gmail.com"}]
[2025-06-15T11:12:11.937Z] [INFO] Fetched data from table=users 
[2025-06-15T11:12:11.991Z] [INFO] Fetched data from table=projects with conditions=[{"field":"username","value":"sara"}]
[2025-06-15T11:13:18.927Z] [INFO] Fetched data from table=messages with conditions=[{"field":"email","value":"sara3280624@gmail.com"}]
[2025-06-15T11:13:18.931Z] [INFO] Fetched data from table=users 
[2025-06-15T11:13:18.936Z] [INFO] Fetched data from table=messages with conditions=[{"field":"email","value":"sara3280624@gmail.com"}]
[2025-06-15T11:13:18.940Z] [INFO] Fetched data from table=users 
[2025-06-15T11:13:18.980Z] [INFO] Fetched data from table=projects with conditions=[{"field":"username","value":"sara"}]
[2025-06-15T11:13:19.917Z] [INFO] Fetched data from table=messages with conditions=[{"field":"email","value":"sara3280624@gmail.com"}]
[2025-06-15T11:13:19.921Z] [INFO] Fetched data from table=users 
[2025-06-15T11:13:19.924Z] [INFO] Fetched data from table=messages with conditions=[{"field":"email","value":"sara3280624@gmail.com"}]
[2025-06-15T11:13:19.929Z] [INFO] Fetched data from table=users 
[2025-06-15T11:13:19.960Z] [INFO] Fetched data from table=projects with conditions=[{"field":"username","value":"sara"}]
[2025-06-15T12:02:42.742Z] [ERROR] ERROR fetching data from table=messages - Access denied for user 'root'@'localhost' (using password: YES)
[2025-06-15T12:02:42.769Z] [ERROR] ERROR fetching data from table=messages - Access denied for user 'root'@'localhost' (using password: YES)
[2025-06-15T12:02:42.793Z] [ERROR] ERROR fetching data from table=messages - Access denied for user 'root'@'localhost' (using password: YES)
[2025-06-15T12:02:48.601Z] [INFO] User logged out
[2025-06-15T12:04:42.965Z] [INFO] User registered successfully: email=a0583286530@gmail.com, ip=::1
[2025-06-15T12:04:42.998Z] [INFO] Fetched data from table=messages with conditions=[{"field":"email","value":"a0583286530@gmail.com"}]
[2025-06-15T12:04:43.002Z] [INFO] Fetched data from table=messages with conditions=[{"field":"email","value":"a0583286530@gmail.com"}]
[2025-06-15T12:04:46.620Z] [INFO] Fetched data from table=users 
[2025-06-15T12:04:46.626Z] [INFO] Fetched data from table=users 
[2025-06-15T12:04:46.647Z] [INFO] Fetched data from table=projects with conditions=[{"field":"username","value":"miri"}]
[2025-06-15T12:04:46.652Z] [INFO] Fetched data from table=projects with conditions=[{"field":"username","value":"miri"}]
[2025-06-15T12:04:53.229Z] [INFO] Fetched data from table=jobs with conditions=[]
[2025-06-15T12:04:53.236Z] [INFO] Fetched data from table=jobs with conditions=[]
[2025-06-15T12:05:18.123Z] [INFO] Fetched data from table=projects with conditions=[]
[2025-06-15T12:05:18.127Z] [INFO] Fetched data from table=projects with conditions=[]
[2025-06-15T12:06:05.033Z] [INFO] Updated messager for user= [object Object] with data={"is_read":true}
[2025-06-15T12:06:05.041Z] [INFO] Fetched data from table=messages with conditions=[{"field":"email","value":"a0583286530@gmail.com"}]
[2025-06-15T12:06:05.046Z] [INFO] Fetched data from table=messages with conditions=[{"field":"email","value":"a0583286530@gmail.com"}]
[2025-06-15T12:06:05.049Z] [INFO] Fetched data from table=projects with conditions=[]
[2025-06-15T12:06:05.053Z] [INFO] Fetched data from table=projects with conditions=[]
[2025-06-15T12:06:08.156Z] [INFO] Fetched data from table = recruiters 
[2025-06-15T12:06:08.161Z] [INFO] Fetched data from table = recruiters 
[2025-06-15T12:06:21.742Z] [INFO] Fetched data from table = developers 
[2025-06-15T12:06:21.749Z] [INFO] Fetched data from table = developers 
[2025-06-15T12:06:24.496Z] [INFO] Fetched data from table=users 
[2025-06-15T12:06:24.500Z] [INFO] Fetched data from table=users 
[2025-06-15T12:06:24.513Z] [INFO] Fetched data from table=projects with conditions=[{"field":"username","value":"alice"}]
[2025-06-15T12:06:24.518Z] [INFO] Fetched data from table=projects with conditions=[{"field":"username","value":"alice"}]
[2025-06-15T12:06:50.546Z] [INFO] Fetched data from table=users 
[2025-06-15T12:06:50.545Z] [INFO] Fetched data from table=projects with conditions=[{"field":"username","value":"miri"}]
[2025-06-15T12:06:50.556Z] [INFO] Fetched data from table=projects with conditions=[{"field":"username","value":"miri"}]
[2025-06-15T12:10:07.730Z] [INFO] Fetched data from table=projects with conditions=[]
[2025-06-15T12:10:07.733Z] [INFO] Fetched data from table=projects with conditions=[]
[2025-06-15T12:16:34.345Z] [INFO] Fetched data from table=jobs with conditions=[]
[2025-06-15T12:16:34.349Z] [INFO] Fetched data from table=jobs with conditions=[]
[2025-06-15T12:16:36.050Z] [ERROR] ERROR creating item in table=job_applications - Unknown column 'important' in 'field list'
[2025-06-15T12:16:41.778Z] [ERROR] ERROR creating item in table=job_applications - You have already contacted the recruiter for this position. Please wait for a response before sending another message.
[2025-06-15T13:11:38.901Z] [INFO] Fetched data from table=messages with conditions=[{"field":"email","value":"a0583286530@gmail.com"}]
[2025-06-15T13:11:38.906Z] [INFO] Fetched data from table=messages with conditions=[{"field":"email","value":"a0583286530@gmail.com"}]
[2025-06-15T13:11:38.909Z] [INFO] Fetched data from table=messages with conditions=[{"field":"email","value":"a0583286530@gmail.com"}]
[2025-06-15T13:11:38.911Z] [INFO] Fetched data from table=jobs with conditions=[]
[2025-06-15T13:11:38.914Z] [INFO] Fetched data from table=jobs with conditions=[]
[2025-06-15T13:11:38.918Z] [INFO] Fetched data from table=jobs with conditions=[]
[2025-06-15T13:11:38.921Z] [INFO] Fetched data from table=jobs with conditions=[]
[2025-06-15T13:11:45.628Z] [INFO] Fetched data from table = recruiters 
[2025-06-15T13:11:45.631Z] [INFO] Fetched data from table = recruiters 
[2025-06-15T13:11:48.660Z] [INFO] Fetched data from table=jobs with conditions=[]
[2025-06-15T13:11:48.663Z] [INFO] Fetched data from table=jobs with conditions=[]
[2025-06-15T13:11:50.241Z] [INFO] Access token refreshed for userId=4, ip=::1
[2025-06-15T13:11:50.253Z] [ERROR] ERROR creating item in table=job_applications - Unknown column 'important' in 'field list'
[2025-06-15T13:23:45.241Z] [ERROR] ERROR creating item in table=job_applications - Unknown column 'type' in 'field list'
[2025-06-15T13:24:32.132Z] [ERROR] ERROR creating item in table=job_applications - Data too long for column 'content' at row 1
[2025-06-15T13:26:15.301Z] [ERROR] ERROR creating item in table=job_applications - Data too long for column 'content' at row 1
[2025-06-15T13:26:20.262Z] [INFO] Fetched data from table=messages with conditions=[{"field":"email","value":"a0583286530@gmail.com"}]
[2025-06-15T13:26:20.270Z] [INFO] Fetched data from table=messages with conditions=[{"field":"email","value":"a0583286530@gmail.com"}]
[2025-06-15T13:26:20.276Z] [INFO] Fetched data from table=jobs with conditions=[]
[2025-06-15T13:26:20.278Z] [INFO] Fetched data from table=messages with conditions=[{"field":"email","value":"a0583286530@gmail.com"}]
[2025-06-15T13:26:20.283Z] [INFO] Fetched data from table=jobs with conditions=[]
[2025-06-15T13:26:20.290Z] [INFO] Fetched data from table=jobs with conditions=[]
[2025-06-15T13:26:20.294Z] [INFO] Fetched data from table=jobs with conditions=[]
[2025-06-15T13:26:31.538Z] [ERROR] ERROR creating item in table=job_applications - Data too long for column 'content' at row 1
[2025-06-15T13:27:04.320Z] [INFO] Fetched data from table=messages with conditions=[{"field":"email","value":"a0583286530@gmail.com"}]
[2025-06-15T13:27:04.322Z] [INFO] Fetched data from table=jobs with conditions=[]
[2025-06-15T13:27:04.323Z] [INFO] Fetched data from table=messages with conditions=[{"field":"email","value":"a0583286530@gmail.com"}]
[2025-06-15T13:27:04.325Z] [INFO] Fetched data from table=jobs with conditions=[]
[2025-06-15T13:27:04.339Z] [INFO] Fetched data from table=messages with conditions=[{"field":"email","value":"a0583286530@gmail.com"}]
[2025-06-15T13:27:04.340Z] [INFO] Fetched data from table=jobs with conditions=[]
[2025-06-15T13:27:04.347Z] [INFO] Fetched data from table=jobs with conditions=[]
[2025-06-15T13:27:05.889Z] [INFO] Access token refreshed for userId=4, ip=::1
[2025-06-15T13:27:05.903Z] [ERROR] ERROR creating item in table=job_applications - Data too long for column 'content' at row 1
[2025-06-15T13:32:10.976Z] [ERROR] ERROR creating item in table=job_applications - Data too long for column 'content' at row 1
[2025-06-15T13:33:01.133Z] [INFO] Fetched data from table=messages with conditions=[{"field":"email","value":"a0583286530@gmail.com"}]
[2025-06-15T13:33:01.142Z] [INFO] Fetched data from table=jobs with conditions=[]
[2025-06-15T13:33:01.151Z] [INFO] Fetched data from table=messages with conditions=[{"field":"email","value":"a0583286530@gmail.com"}]
[2025-06-15T13:33:01.152Z] [INFO] Fetched data from table=jobs with conditions=[]
[2025-06-15T13:33:01.160Z] [INFO] Fetched data from table=messages with conditions=[{"field":"email","value":"a0583286530@gmail.com"}]
[2025-06-15T13:33:01.162Z] [INFO] Fetched data from table=jobs with conditions=[]
[2025-06-15T13:33:01.170Z] [INFO] Fetched data from table=jobs with conditions=[]
[2025-06-15T13:33:03.103Z] [INFO] User logged out
[2025-06-15T13:33:03.125Z] [INFO] Fetched data from table=jobs with conditions=[]
[2025-06-15T13:33:30.308Z] [ERROR] Login error for user name=mirigerzon - user not found
[2025-06-15T13:33:40.063Z] [ERROR] Login error for user name=mirigerzon - user not found
[2025-06-15T13:33:45.115Z] [ERROR] Login error for user name=mirigerzon - user not found
[2025-06-15T13:34:12.975Z] [INFO] User logged in successfully: user name=miri, ip=::1
[2025-06-15T13:34:13.012Z] [INFO] Fetched data from table=messages with conditions=[{"field":"email","value":"a0583286530@gmail.com"}]
[2025-06-15T13:34:13.017Z] [INFO] Fetched data from table=messages with conditions=[{"field":"email","value":"a0583286530@gmail.com"}]
[2025-06-15T13:34:50.409Z] [INFO] Fetched data from table=jobs with conditions=[]
[2025-06-15T13:34:50.414Z] [INFO] Fetched data from table=jobs with conditions=[]
[2025-06-15T13:35:53.736Z] [ERROR] ERROR creating item in table=job_applications - Data too long for column 'content' at row 1
[2025-06-15T13:36:14.207Z] [ERROR] ERROR creating item in table=job_applications - Field 'user_id' doesn't have a default value
[2025-06-15T13:37:07.060Z] [ERROR] ERROR creating item in table=job_applications - You have already contacted the recruiter for this position. Please wait for a response before sending another message.
[2025-06-15T13:37:09.930Z] [ERROR] ERROR creating item in table=job_applications - You have already contacted the recruiter for this position. Please wait for a response before sending another message.
[2025-06-15T13:38:06.716Z] [INFO] Created new item in table=job_applications with data={"job_id":1,"user_id":4}
[2025-06-15T13:38:06.755Z] [INFO] Fetched data from table=messages with conditions=[{"field":"email","value":"a0583286530@gmail.com"}]
[2025-06-15T13:38:06.760Z] [INFO] Fetched data from table=jobs with conditions=[]
[2025-06-15T13:38:06.767Z] [INFO] Fetched data from table=messages with conditions=[{"field":"email","value":"a0583286530@gmail.com"}]
[2025-06-15T13:38:06.769Z] [INFO] Fetched data from table=jobs with conditions=[]
[2025-06-15T13:38:06.779Z] [INFO] Fetched data from table=jobs with conditions=[]
[2025-06-15T13:38:18.070Z] [INFO] Updated messager for user= [object Object] with data={"is_read":true}
[2025-06-15T13:38:18.089Z] [INFO] Fetched data from table=messages with conditions=[{"field":"email","value":"a0583286530@gmail.com"}]
[2025-06-15T13:38:18.101Z] [INFO] Fetched data from table=jobs with conditions=[]
[2025-06-15T13:38:18.104Z] [INFO] Fetched data from table=messages with conditions=[{"field":"email","value":"a0583286530@gmail.com"}]
[2025-06-15T13:38:18.109Z] [INFO] Fetched data from table=jobs with conditions=[]
[2025-06-15T13:40:45.069Z] [ERROR] ERROR creating item in table=job_applications - You have already contacted the recruiter for this position. Please wait for a response before sending another message.
[2025-06-15T13:42:56.528Z] [INFO] Updated messager for user= [object Object] with data={"is_read":true}
[2025-06-15T13:42:56.547Z] [INFO] Fetched data from table=messages with conditions=[{"field":"email","value":"a0583286530@gmail.com"}]
[2025-06-15T13:42:56.563Z] [INFO] Fetched data from table=messages with conditions=[{"field":"email","value":"a0583286530@gmail.com"}]
[2025-06-15T13:42:56.571Z] [INFO] Fetched data from table=jobs with conditions=[]
[2025-06-15T13:42:56.580Z] [INFO] Fetched data from table=jobs with conditions=[]
[2025-06-15T13:43:03.548Z] [INFO] Fetched data from table = developers 
[2025-06-15T13:43:03.556Z] [INFO] Fetched data from table = developers 
[2025-06-15T13:46:15.237Z] [INFO] Fetched data from table=messages with conditions=[{"field":"email","value":"a0583286530@gmail.com"}]
[2025-06-15T13:46:15.239Z] [INFO] Fetched data from table = developers 
[2025-06-15T13:46:15.244Z] [INFO] Fetched data from table=messages with conditions=[{"field":"email","value":"a0583286530@gmail.com"}]
[2025-06-15T13:46:15.246Z] [INFO] Fetched data from table = developers 
[2025-06-15T13:46:15.252Z] [INFO] Fetched data from table = developers 
[2025-06-15T13:46:16.395Z] [INFO] Fetched data from table=messages with conditions=[{"field":"email","value":"a0583286530@gmail.com"}]
[2025-06-15T13:46:16.396Z] [INFO] Fetched data from table = developers 
[2025-06-15T13:46:16.400Z] [INFO] Fetched data from table=messages with conditions=[{"field":"email","value":"a0583286530@gmail.com"}]
[2025-06-15T13:46:16.403Z] [INFO] Fetched data from table = developers 
[2025-06-15T13:46:16.407Z] [INFO] Fetched data from table = developers 
[2025-06-15T13:48:29.253Z] [INFO] Fetched data from table=messages with conditions=[{"field":"email","value":"a0583286530@gmail.com"}]
[2025-06-15T13:48:29.255Z] [INFO] Fetched data from table = developers 
[2025-06-15T13:48:29.263Z] [INFO] Fetched data from table=messages with conditions=[{"field":"email","value":"a0583286530@gmail.com"}]
[2025-06-15T13:48:29.266Z] [INFO] Fetched data from table = developers 
[2025-06-15T13:48:29.271Z] [INFO] Fetched data from table = developers 
[2025-06-15T13:49:38.480Z] [INFO] Fetched data from table=projects with conditions=[]
[2025-06-15T13:49:38.486Z] [INFO] Fetched data from table=projects with conditions=[]
[2025-06-15T13:49:40.175Z] [INFO] Fetched data from table = recruiters 
[2025-06-15T13:49:40.183Z] [INFO] Fetched data from table = recruiters 
[2025-06-15T13:49:41.753Z] [INFO] Fetched data from table=jobs with conditions=[]
[2025-06-15T13:49:41.762Z] [INFO] Fetched data from table=jobs with conditions=[]
[2025-06-15T13:49:45.036Z] [INFO] Fetched data from table = recruiters 
[2025-06-15T13:49:45.042Z] [INFO] Fetched data from table = recruiters 
[2025-06-15T13:49:46.119Z] [INFO] Fetched data from table=projects with conditions=[]
[2025-06-15T13:49:46.125Z] [INFO] Fetched data from table=projects with conditions=[]
[2025-06-15T13:49:48.404Z] [INFO] Fetched data from table = developers 
[2025-06-15T13:49:48.408Z] [INFO] Fetched data from table = developers 
[2025-06-15T13:50:17.269Z] [INFO] Fetched data from table = developers 
[2025-06-15T13:50:17.278Z] [INFO] Fetched data from table = developers 
[2025-06-15T13:50:45.272Z] [INFO] Fetched data from table = developers 
[2025-06-15T13:50:45.280Z] [INFO] Fetched data from table = developers 
[2025-06-15T13:53:27.878Z] [INFO] Fetched data from table=messages with conditions=[{"field":"email","value":"a0583286530@gmail.com"}]
[2025-06-15T13:53:27.882Z] [INFO] Fetched data from table = developers 
[2025-06-15T13:53:27.891Z] [INFO] Fetched data from table=messages with conditions=[{"field":"email","value":"a0583286530@gmail.com"}]
[2025-06-15T13:53:27.895Z] [INFO] Fetched data from table = developers 
[2025-06-15T13:53:27.903Z] [INFO] Fetched data from table=messages with conditions=[{"field":"email","value":"a0583286530@gmail.com"}]
[2025-06-15T13:53:27.905Z] [INFO] Fetched data from table = developers 
[2025-06-15T13:53:27.960Z] [INFO] Fetched data from table = developers 
[2025-06-15T14:02:45.868Z] [INFO] Fetched data from table=projects with conditions=[]
[2025-06-15T14:02:45.877Z] [INFO] Fetched data from table=projects with conditions=[]
[2025-06-15T14:02:52.797Z] [INFO] Fetched data from table = recruiters 
[2025-06-15T14:02:52.807Z] [INFO] Fetched data from table = recruiters 
[2025-06-15T14:05:29.359Z] [INFO] Fetched data from table=users 
[2025-06-15T14:05:29.380Z] [INFO] Fetched data from table=users 
[2025-06-15T14:05:29.410Z] [INFO] Fetched data from table=projects with conditions=[{"field":"username","value":"miri"}]
[2025-06-15T14:05:29.457Z] [INFO] Fetched data from table=projects with conditions=[{"field":"username","value":"miri"}]
[2025-06-15T14:05:35.665Z] [INFO] Fetched data from table = recruiters 
[2025-06-15T14:05:35.681Z] [INFO] Fetched data from table = recruiters 
[2025-06-15T14:05:37.482Z] [INFO] Fetched data from table=users 
[2025-06-15T14:05:37.503Z] [INFO] Fetched data from table=users 
[2025-06-15T14:05:37.545Z] [INFO] Fetched data from table=jobs with conditions=[{"field":"username","value":"charlie"}]
[2025-06-15T14:05:37.561Z] [INFO] Fetched data from table=jobs with conditions=[{"field":"username","value":"charlie"}]
[2025-06-15T14:05:40.005Z] [INFO] Fetched data from table = developers 
[2025-06-15T14:05:40.016Z] [INFO] Fetched data from table = developers 
[2025-06-15T14:05:42.916Z] [INFO] Fetched data from table=users 
[2025-06-15T14:05:42.939Z] [INFO] Fetched data from table=users 
[2025-06-15T14:05:42.978Z] [INFO] Fetched data from table=projects with conditions=[{"field":"username","value":"alice"}]
[2025-06-15T14:05:42.988Z] [INFO] Fetched data from table=projects with conditions=[{"field":"username","value":"alice"}]
[2025-06-15T14:06:36.238Z] [INFO] Fetched data from table=messages with conditions=[{"field":"email","value":"a0583286530@gmail.com"}]
[2025-06-15T14:06:36.247Z] [INFO] Fetched data from table=users 
[2025-06-15T14:06:36.250Z] [INFO] Fetched data from table=messages with conditions=[{"field":"email","value":"a0583286530@gmail.com"}]
[2025-06-15T14:06:36.259Z] [INFO] Fetched data from table=users 
[2025-06-15T14:06:36.279Z] [INFO] Fetched data from table=projects with conditions=[{"field":"username","value":"alice"}]
[2025-06-15T14:06:36.287Z] [INFO] Fetched data from table=projects with conditions=[{"field":"username","value":"alice"}]
[2025-06-15T14:06:38.207Z] [INFO] Fetched data from table=messages with conditions=[{"field":"email","value":"a0583286530@gmail.com"}]
[2025-06-15T14:06:38.215Z] [INFO] Fetched data from table=users 
[2025-06-15T14:06:38.217Z] [INFO] Fetched data from table=messages with conditions=[{"field":"email","value":"a0583286530@gmail.com"}]
[2025-06-15T14:06:38.226Z] [INFO] Fetched data from table=users 
[2025-06-15T14:06:38.242Z] [INFO] Fetched data from table=projects with conditions=[{"field":"username","value":"alice"}]
[2025-06-15T14:06:38.253Z] [INFO] Fetched data from table=projects with conditions=[{"field":"username","value":"alice"}]
[2025-06-15T14:07:13.239Z] [INFO] Fetched data from table=messages with conditions=[{"field":"email","value":"a0583286530@gmail.com"}]
[2025-06-15T14:07:13.248Z] [INFO] Fetched data from table=users 
[2025-06-15T14:07:13.251Z] [INFO] Fetched data from table=messages with conditions=[{"field":"email","value":"a0583286530@gmail.com"}]
[2025-06-15T14:07:13.265Z] [INFO] Fetched data from table=users 
[2025-06-15T14:07:13.290Z] [INFO] Fetched data from table=projects with conditions=[{"field":"username","value":"alice"}]
[2025-06-15T14:07:13.301Z] [INFO] Fetched data from table=projects with conditions=[{"field":"username","value":"alice"}]
[2025-06-15T14:07:15.265Z] [INFO] Fetched data from table=messages with conditions=[{"field":"email","value":"a0583286530@gmail.com"}]
[2025-06-15T14:07:15.276Z] [INFO] Fetched data from table=users 
[2025-06-15T14:07:15.303Z] [INFO] Fetched data from table=messages with conditions=[{"field":"email","value":"a0583286530@gmail.com"}]
[2025-06-15T14:07:15.324Z] [INFO] Fetched data from table=users 
[2025-06-15T14:07:15.343Z] [INFO] Fetched data from table=projects with conditions=[{"field":"username","value":"alice"}]
[2025-06-15T14:07:15.381Z] [INFO] Fetched data from table=projects with conditions=[{"field":"username","value":"alice"}]
[2025-06-15T14:07:19.234Z] [INFO] Fetched data from table=messages with conditions=[{"field":"email","value":"a0583286530@gmail.com"}]
[2025-06-15T14:07:19.244Z] [INFO] Fetched data from table=messages with conditions=[{"field":"email","value":"a0583286530@gmail.com"}]
[2025-06-15T14:07:19.246Z] [INFO] Fetched data from table=users 
[2025-06-15T14:07:19.255Z] [INFO] Fetched data from table=users 
[2025-06-15T14:07:19.274Z] [INFO] Fetched data from table=projects with conditions=[{"field":"username","value":"alice"}]
[2025-06-15T14:07:19.282Z] [INFO] Fetched data from table=projects with conditions=[{"field":"username","value":"alice"}]
[2025-06-15T14:07:21.224Z] [INFO] Fetched data from table=messages with conditions=[{"field":"email","value":"a0583286530@gmail.com"}]
[2025-06-15T14:07:21.232Z] [INFO] Fetched data from table=users 
[2025-06-15T14:07:21.235Z] [INFO] Fetched data from table=messages with conditions=[{"field":"email","value":"a0583286530@gmail.com"}]
[2025-06-15T14:07:21.245Z] [INFO] Fetched data from table=users 
[2025-06-15T14:07:21.265Z] [INFO] Fetched data from table=projects with conditions=[{"field":"username","value":"alice"}]
[2025-06-15T14:07:21.282Z] [INFO] Fetched data from table=projects with conditions=[{"field":"username","value":"alice"}]
[2025-06-15T14:08:46.642Z] [INFO] Fetched data from table=messages with conditions=[{"field":"email","value":"a0583286530@gmail.com"}]
[2025-06-15T14:08:46.655Z] [INFO] Fetched data from table=messages with conditions=[{"field":"email","value":"a0583286530@gmail.com"}]
[2025-06-15T14:08:46.660Z] [INFO] Fetched data from table=users 
[2025-06-15T14:08:46.682Z] [INFO] Fetched data from table=messages with conditions=[{"field":"email","value":"a0583286530@gmail.com"}]
[2025-06-15T14:08:46.688Z] [INFO] Fetched data from table=users 
[2025-06-15T14:08:47.075Z] [INFO] Fetched data from table=projects with conditions=[{"field":"username","value":"alice"}]
[2025-06-15T14:09:08.442Z] [INFO] Fetched data from table=messages with conditions=[{"field":"email","value":"a0583286530@gmail.com"}]
[2025-06-15T14:09:08.461Z] [INFO] Fetched data from table=messages with conditions=[{"field":"email","value":"a0583286530@gmail.com"}]
[2025-06-15T14:09:08.471Z] [INFO] Fetched data from table=users 
[2025-06-15T14:09:08.479Z] [INFO] Fetched data from table=users 
[2025-06-15T14:09:08.484Z] [INFO] Fetched data from table=messages with conditions=[{"field":"email","value":"a0583286530@gmail.com"}]
[2025-06-15T14:09:08.690Z] [INFO] Fetched data from table=projects with conditions=[{"field":"username","value":"alice"}]
[2025-06-15T14:09:11.233Z] [INFO] Fetched data from table=messages with conditions=[{"field":"email","value":"a0583286530@gmail.com"}]
[2025-06-15T14:09:11.235Z] [INFO] Fetched data from table=users 
[2025-06-15T14:09:11.245Z] [INFO] Fetched data from table=messages with conditions=[{"field":"email","value":"a0583286530@gmail.com"}]
[2025-06-15T14:09:11.248Z] [INFO] Fetched data from table=users 
[2025-06-15T14:09:11.267Z] [INFO] Fetched data from table=projects with conditions=[{"field":"username","value":"alice"}]
[2025-06-15T14:09:11.292Z] [INFO] Fetched data from table=projects with conditions=[{"field":"username","value":"alice"}]
[2025-06-15T14:09:16.258Z] [INFO] Fetched data from table=messages with conditions=[{"field":"email","value":"a0583286530@gmail.com"}]
[2025-06-15T14:09:16.264Z] [INFO] Fetched data from table=users 
[2025-06-15T14:09:16.280Z] [INFO] Fetched data from table=messages with conditions=[{"field":"email","value":"a0583286530@gmail.com"}]
[2025-06-15T14:09:16.286Z] [INFO] Fetched data from table=users 
[2025-06-15T14:09:16.315Z] [INFO] Fetched data from table=projects with conditions=[{"field":"username","value":"alice"}]
[2025-06-15T14:09:16.333Z] [INFO] Fetched data from table=projects with conditions=[{"field":"username","value":"alice"}]
[2025-06-15T14:09:19.768Z] [INFO] Fetched data from table=messages with conditions=[{"field":"email","value":"a0583286530@gmail.com"}]
[2025-06-15T14:09:19.777Z] [INFO] Fetched data from table=users 
[2025-06-15T14:09:19.781Z] [INFO] Fetched data from table=messages with conditions=[{"field":"email","value":"a0583286530@gmail.com"}]
[2025-06-15T14:09:19.793Z] [INFO] Fetched data from table=users 
[2025-06-15T14:09:19.809Z] [INFO] Fetched data from table=projects with conditions=[{"field":"username","value":"alice"}]
[2025-06-15T14:09:19.831Z] [INFO] Fetched data from table=projects with conditions=[{"field":"username","value":"alice"}]
[2025-06-15T14:09:46.996Z] [INFO] Fetched data from table=messages with conditions=[{"field":"email","value":"a0583286530@gmail.com"}]
[2025-06-15T14:09:47.015Z] [INFO] Fetched data from table=messages with conditions=[{"field":"email","value":"a0583286530@gmail.com"}]
[2025-06-15T14:09:47.017Z] [INFO] Fetched data from table=users 
[2025-06-15T14:09:47.030Z] [INFO] Fetched data from table=users 
[2025-06-15T14:09:47.041Z] [INFO] Fetched data from table=messages with conditions=[{"field":"email","value":"a0583286530@gmail.com"}]
[2025-06-15T14:09:47.216Z] [INFO] Fetched data from table=projects with conditions=[{"field":"username","value":"alice"}]
[2025-06-15T14:09:50.225Z] [INFO] Fetched data from table=messages with conditions=[{"field":"email","value":"a0583286530@gmail.com"}]
[2025-06-15T14:09:50.233Z] [INFO] Fetched data from table=users 
[2025-06-15T14:09:50.236Z] [INFO] Fetched data from table=messages with conditions=[{"field":"email","value":"a0583286530@gmail.com"}]
[2025-06-15T14:09:50.249Z] [INFO] Fetched data from table=users 
[2025-06-15T14:09:50.272Z] [INFO] Fetched data from table=projects with conditions=[{"field":"username","value":"alice"}]
[2025-06-15T14:09:50.289Z] [INFO] Fetched data from table=projects with conditions=[{"field":"username","value":"alice"}]
[2025-06-15T14:09:55.255Z] [INFO] Fetched data from table=messages with conditions=[{"field":"email","value":"a0583286530@gmail.com"}]
[2025-06-15T14:09:55.263Z] [INFO] Fetched data from table=messages with conditions=[{"field":"email","value":"a0583286530@gmail.com"}]
[2025-06-15T14:09:55.265Z] [INFO] Fetched data from table=users 
[2025-06-15T14:09:55.275Z] [INFO] Fetched data from table=users 
[2025-06-15T14:09:55.303Z] [INFO] Fetched data from table=projects with conditions=[{"field":"username","value":"alice"}]
[2025-06-15T14:09:55.309Z] [INFO] Fetched data from table=projects with conditions=[{"field":"username","value":"alice"}]
[2025-06-15T14:10:20.220Z] [INFO] Fetched data from table=messages with conditions=[{"field":"email","value":"a0583286530@gmail.com"}]
[2025-06-15T14:10:20.225Z] [INFO] Fetched data from table=users 
[2025-06-15T14:10:20.228Z] [INFO] Fetched data from table=messages with conditions=[{"field":"email","value":"a0583286530@gmail.com"}]
[2025-06-15T14:10:20.237Z] [INFO] Fetched data from table=users 
[2025-06-15T14:10:20.258Z] [INFO] Fetched data from table=projects with conditions=[{"field":"username","value":"alice"}]
[2025-06-15T14:10:20.273Z] [INFO] Fetched data from table=projects with conditions=[{"field":"username","value":"alice"}]
[2025-06-15T14:10:21.206Z] [INFO] Fetched data from table=messages with conditions=[{"field":"email","value":"a0583286530@gmail.com"}]
[2025-06-15T14:10:21.217Z] [INFO] Fetched data from table=users 
[2025-06-15T14:10:21.222Z] [INFO] Fetched data from table=messages with conditions=[{"field":"email","value":"a0583286530@gmail.com"}]
[2025-06-15T14:10:21.240Z] [INFO] Fetched data from table=users 
[2025-06-15T14:10:21.264Z] [INFO] Fetched data from table=projects with conditions=[{"field":"username","value":"alice"}]
[2025-06-15T14:10:21.293Z] [INFO] Fetched data from table=projects with conditions=[{"field":"username","value":"alice"}]
[2025-06-15T14:10:52.257Z] [INFO] Fetched data from table=messages with conditions=[{"field":"email","value":"a0583286530@gmail.com"}]
[2025-06-15T14:10:52.269Z] [INFO] Fetched data from table=users 
[2025-06-15T14:10:52.274Z] [INFO] Fetched data from table=messages with conditions=[{"field":"email","value":"a0583286530@gmail.com"}]
[2025-06-15T14:10:52.286Z] [INFO] Fetched data from table=users 
[2025-06-15T14:10:52.311Z] [INFO] Fetched data from table=projects with conditions=[{"field":"username","value":"alice"}]
[2025-06-15T14:10:52.323Z] [INFO] Fetched data from table=projects with conditions=[{"field":"username","value":"alice"}]
[2025-06-15T14:10:54.210Z] [INFO] Fetched data from table=messages with conditions=[{"field":"email","value":"a0583286530@gmail.com"}]
[2025-06-15T14:10:54.216Z] [INFO] Fetched data from table=users 
[2025-06-15T14:10:54.219Z] [INFO] Fetched data from table=messages with conditions=[{"field":"email","value":"a0583286530@gmail.com"}]
[2025-06-15T14:10:54.229Z] [INFO] Fetched data from table=users 
[2025-06-15T14:10:54.247Z] [INFO] Fetched data from table=projects with conditions=[{"field":"username","value":"alice"}]
[2025-06-15T14:10:54.261Z] [INFO] Fetched data from table=projects with conditions=[{"field":"username","value":"alice"}]
[2025-06-15T14:10:57.232Z] [INFO] Fetched data from table=messages with conditions=[{"field":"email","value":"a0583286530@gmail.com"}]
[2025-06-15T14:10:57.243Z] [INFO] Fetched data from table=users 
[2025-06-15T14:10:57.247Z] [INFO] Fetched data from table=messages with conditions=[{"field":"email","value":"a0583286530@gmail.com"}]
[2025-06-15T14:10:57.259Z] [INFO] Fetched data from table=users 
[2025-06-15T14:10:57.316Z] [INFO] Fetched data from table=projects with conditions=[{"field":"username","value":"alice"}]
[2025-06-15T14:12:31.594Z] [INFO] Fetched data from table=users 
[2025-06-15T14:12:31.606Z] [INFO] Fetched data from table=projects with conditions=[{"field":"username","value":"miri"}]
[2025-06-15T14:12:31.635Z] [INFO] Fetched data from table=projects with conditions=[{"field":"username","value":"miri"}]
[2025-06-15T14:12:41.004Z] [INFO] User logged out
[2025-06-15T14:13:27.392Z] [ERROR] Registration error for email=a0583286530@gmail.com - git_name already exists
[2025-06-15T14:13:48.204Z] [INFO] User logged in successfully: user name=miri, ip=::1
[2025-06-15T14:13:48.257Z] [INFO] Fetched data from table=messages with conditions=[{"field":"email","value":"a0583286530@gmail.com"}]
[2025-06-15T14:13:48.272Z] [INFO] Fetched data from table=messages with conditions=[{"field":"email","value":"a0583286530@gmail.com"}]
[2025-06-15T14:13:58.149Z] [INFO] Fetched data from table=users 
[2025-06-15T14:13:58.169Z] [INFO] Fetched data from table=users 
[2025-06-15T14:13:58.207Z] [INFO] Fetched data from table=projects with conditions=[{"field":"username","value":"miri"}]
[2025-06-15T14:13:58.218Z] [INFO] Fetched data from table=projects with conditions=[{"field":"username","value":"miri"}]
[2025-06-15T14:14:36.235Z] [INFO] Fetched data from table=messages with conditions=[{"field":"email","value":"a0583286530@gmail.com"}]
[2025-06-15T14:14:36.241Z] [INFO] Fetched data from table=users 
[2025-06-15T14:14:36.244Z] [INFO] Fetched data from table=messages with conditions=[{"field":"email","value":"a0583286530@gmail.com"}]
[2025-06-15T14:14:36.252Z] [INFO] Fetched data from table=users 
[2025-06-15T14:14:36.270Z] [INFO] Fetched data from table=projects with conditions=[{"field":"username","value":"miri"}]
[2025-06-15T14:14:36.278Z] [INFO] Fetched data from table=projects with conditions=[{"field":"username","value":"miri"}]
[2025-06-15T14:14:44.263Z] [INFO] Fetched data from table=messages with conditions=[{"field":"email","value":"a0583286530@gmail.com"}]
[2025-06-15T14:14:44.294Z] [INFO] Fetched data from table=users 
[2025-06-15T14:14:44.299Z] [INFO] Fetched data from table=messages with conditions=[{"field":"email","value":"a0583286530@gmail.com"}]
[2025-06-15T14:14:44.330Z] [INFO] Fetched data from table=users 
[2025-06-15T14:14:44.373Z] [INFO] Fetched data from table=projects with conditions=[{"field":"username","value":"miri"}]
[2025-06-15T14:14:44.379Z] [INFO] Fetched data from table=projects with conditions=[{"field":"username","value":"miri"}]
[2025-06-15T14:14:46.214Z] [INFO] Fetched data from table=messages with conditions=[{"field":"email","value":"a0583286530@gmail.com"}]
[2025-06-15T14:14:46.224Z] [INFO] Fetched data from table=users 
[2025-06-15T14:14:46.229Z] [INFO] Fetched data from table=messages with conditions=[{"field":"email","value":"a0583286530@gmail.com"}]
[2025-06-15T14:14:46.246Z] [INFO] Fetched data from table=users 
[2025-06-15T14:15:00.048Z] [INFO] Fetched data from table=messages with conditions=[{"field":"email","value":"a0583286530@gmail.com"}]
[2025-06-15T14:15:00.050Z] [INFO] Fetched data from table=users 
[2025-06-15T14:15:00.059Z] [INFO] Fetched data from table=messages with conditions=[{"field":"email","value":"a0583286530@gmail.com"}]
[2025-06-15T14:15:00.069Z] [INFO] Fetched data from table=messages with conditions=[{"field":"email","value":"a0583286530@gmail.com"}]
[2025-06-15T14:15:00.068Z] [INFO] Fetched data from table=users 
[2025-06-15T14:15:00.273Z] [INFO] Fetched data from table=projects with conditions=[{"field":"username","value":"miri"}]
[2025-06-15T14:15:02.198Z] [INFO] Fetched data from table=messages with conditions=[{"field":"email","value":"a0583286530@gmail.com"}]
[2025-06-15T14:15:02.209Z] [INFO] Fetched data from table=users 
[2025-06-15T14:15:02.212Z] [INFO] Fetched data from table=messages with conditions=[{"field":"email","value":"a0583286530@gmail.com"}]
[2025-06-15T14:15:02.223Z] [INFO] Fetched data from table=users 
[2025-06-15T14:15:02.247Z] [INFO] Fetched data from table=projects with conditions=[{"field":"username","value":"miri"}]
[2025-06-15T14:15:02.268Z] [INFO] Fetched data from table=projects with conditions=[{"field":"username","value":"miri"}]
[2025-06-15T14:15:05.032Z] [INFO] Fetched data from table=messages with conditions=[{"field":"email","value":"a0583286530@gmail.com"}]
[2025-06-15T14:15:05.042Z] [INFO] Fetched data from table=users 
[2025-06-15T14:15:05.045Z] [INFO] Fetched data from table=messages with conditions=[{"field":"email","value":"a0583286530@gmail.com"}]
[2025-06-15T14:15:05.056Z] [INFO] Fetched data from table=users 
[2025-06-15T14:15:05.079Z] [INFO] Fetched data from table=projects with conditions=[{"field":"username","value":"miri"}]
[2025-06-15T14:15:05.084Z] [INFO] Fetched data from table=projects with conditions=[{"field":"username","value":"miri"}]
[2025-06-15T14:16:13.446Z] [INFO] Fetched data from table=messages with conditions=[{"field":"email","value":"a0583286530@gmail.com"}]
[2025-06-15T14:16:13.467Z] [INFO] Fetched data from table=messages with conditions=[{"field":"email","value":"a0583286530@gmail.com"}]
[2025-06-15T14:16:13.486Z] [INFO] Fetched data from table=users 
[2025-06-15T14:16:13.506Z] [INFO] Fetched data from table=messages with conditions=[{"field":"email","value":"a0583286530@gmail.com"}]
[2025-06-15T14:16:13.513Z] [INFO] Fetched data from table=users 
[2025-06-15T14:16:15.227Z] [INFO] Fetched data from table=messages with conditions=[{"field":"email","value":"a0583286530@gmail.com"}]
[2025-06-15T14:16:15.241Z] [INFO] Fetched data from table=users 
[2025-06-15T14:16:15.246Z] [INFO] Fetched data from table=messages with conditions=[{"field":"email","value":"a0583286530@gmail.com"}]
[2025-06-15T14:16:15.266Z] [INFO] Fetched data from table=messages with conditions=[{"field":"email","value":"a0583286530@gmail.com"}]
[2025-06-15T14:16:15.272Z] [INFO] Fetched data from table=users 
[2025-06-15T14:16:15.303Z] [INFO] Fetched data from table=projects with conditions=[{"field":"username","value":"miri"}]
[2025-06-15T14:16:15.317Z] [INFO] Fetched data from table=projects with conditions=[{"field":"username","value":"miri"}]
[2025-06-15T14:16:21.239Z] [INFO] Fetched data from table=messages with conditions=[{"field":"email","value":"a0583286530@gmail.com"}]
[2025-06-15T14:16:21.248Z] [INFO] Fetched data from table=users 
[2025-06-15T14:16:21.252Z] [INFO] Fetched data from table=messages with conditions=[{"field":"email","value":"a0583286530@gmail.com"}]
[2025-06-15T14:16:21.263Z] [INFO] Fetched data from table=users 
[2025-06-15T14:16:22.208Z] [INFO] Fetched data from table=messages with conditions=[{"field":"email","value":"a0583286530@gmail.com"}]
[2025-06-15T14:16:22.211Z] [INFO] Fetched data from table=users 
[2025-06-15T14:16:22.223Z] [INFO] Fetched data from table=messages with conditions=[{"field":"email","value":"a0583286530@gmail.com"}]
[2025-06-15T14:16:22.231Z] [INFO] Fetched data from table=users 
[2025-06-15T14:16:22.233Z] [INFO] Fetched data from table=messages with conditions=[{"field":"email","value":"a0583286530@gmail.com"}]
[2025-06-15T14:16:30.212Z] [INFO] Fetched data from table=messages with conditions=[{"field":"email","value":"a0583286530@gmail.com"}]
[2025-06-15T14:16:30.224Z] [INFO] Fetched data from table=messages with conditions=[{"field":"email","value":"a0583286530@gmail.com"}]
[2025-06-15T14:16:30.228Z] [INFO] Fetched data from table=users 
[2025-06-15T14:16:30.245Z] [INFO] Fetched data from table=messages with conditions=[{"field":"email","value":"a0583286530@gmail.com"}]
[2025-06-15T14:16:30.253Z] [INFO] Fetched data from table=users 
[2025-06-15T14:16:43.448Z] [INFO] Fetched data from table=messages with conditions=[{"field":"email","value":"a0583286530@gmail.com"}]
[2025-06-15T14:16:43.571Z] [INFO] Fetched data from table=messages with conditions=[{"field":"email","value":"a0583286530@gmail.com"}]
[2025-06-15T14:16:43.584Z] [INFO] Fetched data from table=users 
[2025-06-15T14:16:43.587Z] [INFO] Fetched data from table=messages with conditions=[{"field":"email","value":"a0583286530@gmail.com"}]
[2025-06-15T14:16:43.601Z] [INFO] Fetched data from table=users 
[2025-06-15T14:16:43.674Z] [INFO] Fetched data from table=projects with conditions=[{"field":"username","value":"miri"}]
[2025-06-15T14:19:25.226Z] [INFO] Fetched data from table=messages with conditions=[{"field":"email","value":"a0583286530@gmail.com"}]
[2025-06-15T14:19:25.231Z] [INFO] Fetched data from table=users 
[2025-06-15T14:19:25.233Z] [INFO] Fetched data from table=messages with conditions=[{"field":"email","value":"a0583286530@gmail.com"}]
[2025-06-15T14:19:25.242Z] [INFO] Fetched data from table=users 
[2025-06-15T14:19:25.269Z] [INFO] Fetched data from table=projects with conditions=[{"field":"username","value":"miri"}]
[2025-06-15T14:19:25.277Z] [INFO] Fetched data from table=projects with conditions=[{"field":"username","value":"miri"}]
[2025-06-15T14:19:27.214Z] [INFO] Fetched data from table=messages with conditions=[{"field":"email","value":"a0583286530@gmail.com"}]
[2025-06-15T14:19:27.225Z] [INFO] Fetched data from table=users 
[2025-06-15T14:19:27.230Z] [INFO] Fetched data from table=messages with conditions=[{"field":"email","value":"a0583286530@gmail.com"}]
[2025-06-15T14:19:27.246Z] [INFO] Fetched data from table=users 
[2025-06-15T14:19:27.273Z] [INFO] Fetched data from table=projects with conditions=[{"field":"username","value":"miri"}]
[2025-06-15T14:19:27.301Z] [INFO] Fetched data from table=projects with conditions=[{"field":"username","value":"miri"}]
