[2025-05-28T17:15:35.029Z] [ERROR] ERROR fetching from users - Access denied for user ''@'localhost' (using password: NO)
[2025-05-28T17:16:10.326Z] [ERROR] ERROR fetching from users - Access denied for user ''@'localhost' (using password: NO)
[2025-05-28T17:16:44.785Z] [ERROR] ERROR fetching from users - Access denied for user ''@'localhost' (using password: NO)
[2025-05-28T17:22:10.216Z] [INFO] Fetched from users with conditions=[]
[2025-05-28T17:26:04.443Z] [ERROR] ERROR fetching from users - Unknown column '_page' in 'where clause'
[2025-05-28T17:26:04.460Z] [ERROR] ERROR fetching from users - Unknown column '_page' in 'where clause'
[2025-05-28T17:26:07.255Z] [ERROR] ERROR fetching from users - Unknown column '_page' in 'where clause'
[2025-05-28T17:26:07.270Z] [ERROR] ERROR fetching from users - Unknown column '_page' in 'where clause'
[2025-05-28T17:26:24.669Z] [ERROR] ERROR fetching from users - Unknown column '_page' in 'where clause'
[2025-05-28T17:26:24.677Z] [ERROR] ERROR fetching from users - Unknown column '_page' in 'where clause'
[2025-05-28T17:26:27.675Z] [ERROR] ERROR fetching from users - Unknown column '_page' in 'where clause'
[2025-05-28T17:26:27.687Z] [ERROR] ERROR fetching from users - Unknown column '_page' in 'where clause'
[2025-05-28T17:26:50.250Z] [ERROR] ERROR fetching from users - Unknown column '_page' in 'where clause'
[2025-05-28T17:26:50.262Z] [ERROR] ERROR fetching from users - Unknown column '_page' in 'where clause'
[2025-05-28T17:26:51.271Z] [ERROR] ERROR fetching from users - Unknown column '_page' in 'where clause'
[2025-05-28T17:26:51.282Z] [ERROR] ERROR fetching from users - Unknown column '_page' in 'where clause'
[2025-05-28T17:26:58.799Z] [ERROR] ERROR fetching from users - Unknown column '_page' in 'where clause'
[2025-05-28T17:26:58.808Z] [ERROR] ERROR fetching from users - Unknown column '_page' in 'where clause'
[2025-05-28T17:34:07.804Z] [ERROR] ERROR fetching from users - Unknown column '_page' in 'where clause'
[2025-05-28T17:34:07.818Z] [ERROR] ERROR fetching from users - Unknown column '_page' in 'where clause'
[2025-05-28T17:34:08.081Z] [ERROR] ERROR fetching from users - Unknown column '_page' in 'where clause'
[2025-05-28T17:34:08.092Z] [ERROR] ERROR fetching from users - Unknown column '_page' in 'where clause'
[2025-05-28T18:27:35.348Z] [ERROR] ERROR fetching from users - Unknown column '_page' in 'where clause'
[2025-05-28T18:27:35.358Z] [ERROR] ERROR fetching from users - Unknown column '_page' in 'where clause'
[2025-05-28T18:37:08.807Z] [ERROR] ERROR fetching from users - Unknown column '_page' in 'where clause'
[2025-05-28T18:37:08.816Z] [ERROR] ERROR fetching from users - Unknown column '_page' in 'where clause'
[2025-05-28T18:37:13.901Z] [ERROR] ERROR fetching from users - Unknown column '_page' in 'where clause'
[2025-05-28T18:37:13.913Z] [ERROR] ERROR fetching from users - Unknown column '_page' in 'where clause'
[2025-05-28T18:51:13.271Z] [ERROR] ERROR fetching from users - Unknown column '_page' in 'where clause'
[2025-05-28T18:51:13.277Z] [ERROR] ERROR fetching from users - Unknown column '_page' in 'where clause'
[2025-05-28T18:51:21.298Z] [ERROR] ERROR fetching from users - Unknown column '_page' in 'where clause'
[2025-05-28T18:51:21.304Z] [ERROR] ERROR fetching from users - Unknown column '_page' in 'where clause'
[2025-05-28T18:51:31.146Z] [ERROR] ERROR fetching from users - Unknown column '_page' in 'where clause'
[2025-05-28T18:51:31.152Z] [ERROR] ERROR fetching from users - Unknown column '_page' in 'where clause'
[2025-05-28T18:51:43.941Z] [ERROR] ERROR fetching from users - Unknown column '_page' in 'where clause'
[2025-05-28T18:51:43.950Z] [ERROR] ERROR fetching from users - Unknown column '_page' in 'where clause'
[2025-05-28T18:55:46.382Z] [ERROR] ERROR fetching from users - Unknown column '_page' in 'where clause'
[2025-05-28T18:55:46.387Z] [ERROR] ERROR fetching from users - Unknown column '_page' in 'where clause'
[2025-05-28T19:00:17.103Z] [ERROR] ERROR fetching from users - Unknown column '_page' in 'where clause'
[2025-05-28T19:00:17.109Z] [ERROR] ERROR fetching from users - Unknown column '_page' in 'where clause'
[2025-05-28T19:00:17.704Z] [ERROR] ERROR fetching from users - Unknown column '_page' in 'where clause'
[2025-05-28T19:00:17.713Z] [ERROR] ERROR fetching from users - Unknown column '_page' in 'where clause'
[2025-05-28T19:00:18.473Z] [ERROR] ERROR fetching from users - Unknown column '_page' in 'where clause'
[2025-05-28T19:00:18.481Z] [ERROR] ERROR fetching from users - Unknown column '_page' in 'where clause'
[2025-05-28T19:01:18.622Z] [ERROR] ERROR fetching from users - Unknown column '_page' in 'where clause'
[2025-05-28T19:01:18.628Z] [ERROR] ERROR fetching from users - Unknown column '_page' in 'where clause'
[2025-05-29T08:06:13.205Z] [ERROR] ERROR fetching from login - Table 'gitlink.login' doesn't exist
[2025-05-29T08:06:13.336Z] [ERROR] ERROR fetching from favicon.ico - Unknown database 'favicon'
[2025-05-29T08:15:40.440Z] [WARN] Failed login attempt for username=undefined
[2025-05-29T08:16:09.090Z] [WARN] Failed login attempt for username=aliceGH
[2025-05-29T08:16:17.896Z] [WARN] Refresh token missing in request
[2025-05-29T08:16:47.456Z] [WARN] Failed login attempt for username=aliceGH
[2025-05-29T08:18:31.611Z] [WARN] Failed login attempt for username=aliceGH
[2025-05-29T08:19:12.495Z] [WARN] Failed login attempt for username=aliceGH
[2025-05-29T08:21:51.590Z] [WARN] Failed login attempt for username=aliceGH
[2025-05-29T08:24:57.757Z] [WARN] Failed login attempt for username=aliceGH
[2025-05-29T08:29:18.301Z] [WARN] Failed login attempt for username=aliceGH
[2025-05-29T08:29:24.497Z] [WARN] Refresh token missing in request
[2025-05-29T08:31:17.855Z] [WARN] Failed login attempt for username=aliceGH
[2025-05-29T08:31:52.467Z] [WARN] Failed login attempt for username=aliceGH
[2025-05-29T08:31:52.472Z] [WARN] Refresh token missing in request
[2025-05-29T08:33:44.154Z] [ERROR] Login error for username=aliceGH - Unknown column 'aliceGH' in 'where clause'
[2025-05-29T08:36:56.328Z] [WARN] Failed login attempt for username=aliceGH
[2025-05-29T08:36:56.335Z] [WARN] Refresh token missing in request
[2025-05-29T08:41:22.077Z] [WARN] Failed login attempt for username=aliceGH
[2025-05-29T08:41:22.082Z] [WARN] Refresh token missing in request
[2025-05-29T08:43:05.757Z] [WARN] Failed login attempt for username=aliceGH
[2025-05-29T08:43:05.767Z] [WARN] Refresh token missing in request
[2025-05-29T08:44:06.920Z] [WARN] Failed login attempt for username=aliceGH
[2025-05-29T08:44:06.926Z] [WARN] Refresh token missing in request
[2025-05-29T08:46:23.779Z] [WARN] Failed login attempt for username=aliceGH
[2025-05-29T08:46:23.783Z] [WARN] Refresh token missing in request
[2025-05-29T08:48:08.386Z] [WARN] Failed login attempt for username=aliceGH
[2025-05-29T08:48:08.395Z] [WARN] Refresh token missing in request
[2025-05-29T08:49:12.502Z] [WARN] Failed login attempt for username=aliceGH
[2025-05-29T08:49:12.507Z] [WARN] Refresh token missing in request
[2025-05-29T08:49:44.368Z] [INFO] Fetched from users with conditions=[]
[2025-05-29T08:50:12.533Z] [INFO] Fetched from users with conditions=[]
[2025-05-29T08:51:14.696Z] [INFO] Fetched from users with conditions=[]
[2025-05-29T08:51:47.002Z] [ERROR] ERROR fetching from users - Unknown column '_page' in 'where clause'
[2025-05-29T08:53:01.520Z] [ERROR] ERROR fetching from users - Unknown column '_page' in 'where clause'
[2025-05-29T08:53:02.452Z] [ERROR] ERROR fetching from users - Unknown column '_page' in 'where clause'
[2025-05-29T08:53:51.447Z] [ERROR] ERROR fetching from users - Unknown column '_page' in 'where clause'
[2025-05-29T08:54:32.505Z] [ERROR] ERROR fetching from users - Unknown column '_page' in 'where clause'
[2025-05-29T08:55:44.101Z] [ERROR] ERROR fetching from users - Unknown column '_page' in 'where clause'
[2025-05-29T09:04:22.304Z] [WARN] Failed login attempt for username=aliceGH
[2025-05-29T09:13:29.916Z] [WARN] Failed login attempt for username=aliceGH
[2025-05-29T09:13:29.925Z] [WARN] Failed login attempt for username=aliceGH
[2025-05-29T09:13:29.926Z] [WARN] Failed login attempt for username=aliceGH
[2025-05-29T09:13:29.935Z] [WARN] Refresh token missing in request
[2025-05-29T09:13:29.941Z] [WARN] Refresh token missing in request
[2025-05-29T09:14:00.964Z] [WARN] Failed login attempt for username=aliceGH
[2025-05-29T09:14:00.970Z] [WARN] Refresh token missing in request
[2025-05-29T09:15:41.837Z] [WARN] Failed login attempt for username=aliceGH
[2025-05-29T09:15:41.843Z] [WARN] Refresh token missing in request
[2025-05-29T09:16:58.556Z] [WARN] Failed login attempt for username=aliceGH
[2025-05-29T09:16:58.561Z] [WARN] Refresh token missing in request
[2025-05-29T09:17:25.049Z] [WARN] Failed login attempt for username=aliceGH
[2025-05-29T09:17:25.055Z] [WARN] Refresh token missing in request
[2025-05-29T09:17:45.385Z] [WARN] Failed login attempt for username=aliceGH
[2025-05-29T09:17:45.390Z] [WARN] Refresh token missing in request
[2025-05-29T09:18:27.602Z] [WARN] Failed login attempt for username=aliceGH
[2025-05-29T09:18:27.608Z] [WARN] Refresh token missing in request
[2025-05-29T09:18:53.447Z] [WARN] Failed login attempt for username=aliceGH
[2025-05-29T09:18:53.452Z] [WARN] Refresh token missing in request
[2025-05-29T09:22:08.157Z] [WARN] Failed login attempt for username=aliceGH
[2025-05-29T09:22:08.163Z] [WARN] Refresh token missing in request
[2025-05-29T09:25:25.107Z] [ERROR] Login error for username=undefined - username is not defined
[2025-05-29T09:28:35.152Z] [INFO] User logged in successfully: git_name=aliceGH, ip=::1
[2025-05-29T09:35:52.061Z] [ERROR] Login error for git_name=aliceGH - Access denied for user 'root'@'localhost' (using password: YES)
[2025-05-29T09:36:58.854Z] [ERROR] Login error for git_name=aliceGH - Access denied for user 'root'@'localhost' (using password: YES)
[2025-05-29T09:37:44.511Z] [ERROR] Login error for git_name=aliceGH - Access denied for user 'root'@'localhost' (using password: YES)
[2025-05-29T09:38:19.451Z] [ERROR] Login error for git_name=aliceGH - Access denied for user 'root'@'localhost' (using password: YES)
[2025-05-29T09:41:14.206Z] [ERROR] Login error for git_name=aliceGH - Access denied for user 'root'@'localhost' (using password: YES)
[2025-05-29T09:41:14.223Z] [ERROR] Login error for git_name=aliceGH - Access denied for user 'root'@'localhost' (using password: YES)
[2025-05-29T09:41:47.713Z] [ERROR] Login error for git_name=aliceGH - Access denied for user 'root'@'localhost' (using password: YES)
[2025-05-29T09:42:14.332Z] [ERROR] ERROR fetching from users - Access denied for user 'root'@'localhost' (using password: YES)
[2025-05-29T09:43:22.814Z] [ERROR] ERROR fetching from users - Access denied for user 'root'@'localhost' (using password: YES)
[2025-05-29T09:44:57.367Z] [INFO] User logged in successfully: git_name=aliceGH, ip=::1
[2025-05-29T09:45:01.558Z] [ERROR] ERROR fetching from users - Unknown column '_page' in 'where clause'
[2025-05-29T09:45:01.572Z] [ERROR] ERROR fetching from users - Unknown column '_page' in 'where clause'
[2025-05-29T09:50:47.227Z] [INFO] User logged out
[2025-05-29T09:50:54.275Z] [INFO] User logged in successfully: git_name=aliceGH, ip=::1
[2025-05-29T09:51:09.067Z] [INFO] User logged out
[2025-05-29T10:03:59.425Z] [ERROR] Registration error for git_name=mirigerzon - Field 'experience' doesn't have a default value
[2025-05-29T10:16:11.336Z] [ERROR] Registration error for git_name=mirigerzon - Column 'experience' cannot be null
[2025-05-29T10:16:51.608Z] [ERROR] Registration error for git_name=mirigerzon - Column 'experience' cannot be null
[2025-05-29T10:19:09.364Z] [ERROR] Registration error for git_name=mirigerzon - Column 'experience' cannot be null
[2025-05-29T10:19:09.664Z] [ERROR] Registration error for git_name=mirigerzon - Incorrect integer value: '' for column 'experience' at row 1
[2025-05-29T10:21:29.350Z] [INFO] User registered successfully: git_name=mirigerzon, ip=::1
[2025-05-29T10:28:35.622Z] [INFO] User logged out
[2025-05-29T10:29:24.930Z] [WARN] Failed login attempt for git_name=mirigerzon
[2025-05-29T10:29:25.003Z] [WARN] Refresh token missing in request
[2025-05-29T10:32:08.496Z] [INFO] User registered successfully: git_name=mirigerzon, ip=::1
[2025-05-29T10:32:32.785Z] [ERROR] ERROR fetching from users - Unknown column '_page' in 'where clause'
[2025-05-29T10:32:32.803Z] [ERROR] ERROR fetching from users - Unknown column '_page' in 'where clause'
[2025-05-29T11:11:57.142Z] [INFO] User logged in successfully: git_name=mirigerzon, ip=::1
[2025-05-29T11:12:00.645Z] [INFO] User logged out
[2025-05-29T11:12:08.446Z] [INFO] User logged in successfully: git_name=mirigerzon, ip=::1
[2025-05-29T11:12:17.358Z] [ERROR] ERROR fetching from users - Unknown column '_page' in 'where clause'
[2025-05-29T11:12:17.368Z] [ERROR] ERROR fetching from users - Unknown column '_page' in 'where clause'
[2025-05-29T11:23:22.687Z] [ERROR] ERROR fetching from users - Unknown column '_page' in 'where clause'
[2025-05-29T11:23:22.692Z] [ERROR] ERROR fetching from users - Unknown column '_page' in 'where clause'
[2025-05-29T11:23:28.376Z] [ERROR] ERROR fetching from users - Unknown column '_page' in 'where clause'
[2025-05-29T11:23:28.383Z] [ERROR] ERROR fetching from users - Unknown column '_page' in 'where clause'
[2025-05-29T11:23:39.937Z] [ERROR] ERROR fetching from users - Unknown column '_page' in 'where clause'
[2025-05-29T11:23:39.941Z] [ERROR] ERROR fetching from users - Unknown column '_page' in 'where clause'
[2025-05-29T11:23:42.926Z] [ERROR] ERROR fetching from users - Unknown column '_page' in 'where clause'
[2025-05-29T11:23:42.931Z] [ERROR] ERROR fetching from users - Unknown column '_page' in 'where clause'
[2025-05-29T11:24:07.840Z] [ERROR] ERROR fetching from users - Unknown column '_page' in 'where clause'
[2025-05-29T11:24:07.847Z] [ERROR] ERROR fetching from users - Unknown column '_page' in 'where clause'
[2025-05-29T11:25:54.935Z] [ERROR] ERROR fetching from users - Unknown column '_page' in 'where clause'
[2025-05-29T11:25:54.940Z] [ERROR] ERROR fetching from users - Unknown column '_page' in 'where clause'
[2025-05-29T11:26:16.931Z] [ERROR] ERROR fetching from users - Unknown column '_page' in 'where clause'
[2025-05-29T11:26:16.936Z] [ERROR] ERROR fetching from users - Unknown column '_page' in 'where clause'
[2025-05-29T11:26:17.927Z] [ERROR] ERROR fetching from users - Unknown column '_page' in 'where clause'
[2025-05-29T11:26:17.932Z] [ERROR] ERROR fetching from users - Unknown column '_page' in 'where clause'
[2025-05-29T11:26:26.927Z] [ERROR] ERROR fetching from users - Unknown column '_page' in 'where clause'
[2025-05-29T11:26:26.932Z] [ERROR] ERROR fetching from users - Unknown column '_page' in 'where clause'
[2025-05-29T11:27:24.933Z] [INFO] Access token refreshed for userId=4, ip=::1
[2025-05-29T11:27:24.935Z] [INFO] Access token refreshed for userId=4, ip=::1
[2025-05-29T11:27:24.942Z] [ERROR] ERROR fetching from users - Unknown column '_page' in 'where clause'
[2025-05-29T11:27:24.946Z] [ERROR] ERROR fetching from users - Unknown column '_page' in 'where clause'
[2025-05-29T11:29:28.940Z] [INFO] Fetched from users with conditions=[{"field":"role","value":"programmer"}]
[2025-05-29T11:29:28.945Z] [INFO] Fetched from users with conditions=[{"field":"role","value":"programmer"}]
[2025-05-29T11:29:29.941Z] [ERROR] ERROR fetching from users - Unknown column '_page' in 'where clause'
[2025-05-29T11:29:29.947Z] [ERROR] ERROR fetching from users - Unknown column '_page' in 'where clause'
[2025-05-29T11:31:29.927Z] [INFO] Fetched from users with conditions=[{"field":"role","value":"programmer"}]
[2025-05-29T11:31:29.931Z] [INFO] Fetched from users with conditions=[{"field":"role","value":"programmer"}]
[2025-05-29T11:31:34.932Z] [INFO] Fetched from users with conditions=[{"field":"role","value":"programmer"}]
[2025-05-29T11:31:34.936Z] [INFO] Fetched from users with conditions=[{"field":"role","value":"programmer"}]
[2025-05-29T11:31:36.920Z] [INFO] Fetched from users with conditions=[{"field":"role","value":"programmer"}]
[2025-05-29T11:31:36.923Z] [INFO] Fetched from users with conditions=[{"field":"role","value":"programmer"}]
[2025-05-29T11:31:38.918Z] [INFO] Fetched from users with conditions=[{"field":"role","value":"programmer"}]
[2025-05-29T11:31:38.921Z] [INFO] Fetched from users with conditions=[{"field":"role","value":"programmer"}]
[2025-05-29T11:32:39.946Z] [INFO] Fetched from users with conditions=[{"field":"role","value":"programmer"}]
[2025-05-29T11:32:39.950Z] [INFO] Fetched from users with conditions=[{"field":"role","value":"programmer"}]
[2025-05-29T11:33:12.542Z] [INFO] Fetched from users with conditions=[{"field":"role","value":"programmer"}]
[2025-05-29T11:33:12.550Z] [INFO] Fetched from users with conditions=[{"field":"role","value":"programmer"}]
[2025-05-29T11:34:40.941Z] [INFO] Fetched from users with conditions=[{"field":"role","value":"programmer"}]
[2025-05-29T11:34:40.945Z] [INFO] Fetched from users with conditions=[{"field":"role","value":"programmer"}]
[2025-05-29T11:34:45.926Z] [INFO] Fetched from users with conditions=[{"field":"role","value":"programmer"}]
[2025-05-29T11:34:45.929Z] [INFO] Fetched from users with conditions=[{"field":"role","value":"programmer"}]
[2025-05-29T11:34:58.926Z] [INFO] Fetched from users with conditions=[{"field":"role","value":"programmer"}]
[2025-05-29T11:34:58.929Z] [INFO] Fetched from users with conditions=[{"field":"role","value":"programmer"}]
[2025-05-29T11:35:03.927Z] [INFO] Fetched from users with conditions=[{"field":"role","value":"programmer"}]
[2025-05-29T11:35:03.931Z] [INFO] Fetched from users with conditions=[{"field":"role","value":"programmer"}]
[2025-05-29T11:36:18.934Z] [INFO] Fetched from users with conditions=[{"field":"role","value":"programmer"}]
[2025-05-29T11:36:18.940Z] [INFO] Fetched from users with conditions=[{"field":"role","value":"programmer"}]
[2025-05-29T11:36:22.929Z] [INFO] Fetched from users with conditions=[{"field":"role","value":"programmer"}]
[2025-05-29T11:36:22.932Z] [INFO] Fetched from users with conditions=[{"field":"role","value":"programmer"}]
[2025-05-29T11:36:28.925Z] [INFO] Fetched from users with conditions=[{"field":"role","value":"programmer"}]
[2025-05-29T11:36:28.929Z] [INFO] Fetched from users with conditions=[{"field":"role","value":"programmer"}]
[2025-05-29T11:36:31.920Z] [INFO] Fetched from users with conditions=[{"field":"role","value":"programmer"}]
[2025-05-29T11:36:31.925Z] [INFO] Fetched from users with conditions=[{"field":"role","value":"programmer"}]
[2025-05-29T11:39:41.518Z] [INFO] Fetched from users with conditions=[{"field":"role","value":"programmer"}]
[2025-05-29T11:39:41.524Z] [INFO] Fetched from users with conditions=[{"field":"role","value":"programmer"}]
[2025-05-29T12:02:26.979Z] [INFO] Fetched from users with conditions=[{"field":"role","value":"programmer"}]
[2025-05-29T12:02:26.990Z] [INFO] Fetched from users with conditions=[{"field":"role","value":"programmer"}]
[2025-05-29T12:02:37.943Z] [INFO] Fetched from users with conditions=[{"field":"role","value":"programmer"}]
[2025-05-29T12:02:37.949Z] [INFO] Fetched from users with conditions=[{"field":"role","value":"programmer"}]
[2025-05-29T12:02:38.936Z] [INFO] Fetched from users with conditions=[{"field":"role","value":"programmer"}]
[2025-05-29T12:02:38.940Z] [INFO] Fetched from users with conditions=[{"field":"role","value":"programmer"}]
[2025-05-29T12:05:16.619Z] [INFO] Fetched from users with conditions=[{"field":"role","value":"programmer"}]
[2025-05-29T12:05:16.624Z] [INFO] Fetched from users with conditions=[{"field":"role","value":"programmer"}]
[2025-05-29T12:05:23.282Z] [INFO] Fetched from users with conditions=[{"field":"role","value":"programmer"}]
[2025-05-29T12:05:23.295Z] [INFO] Fetched from users with conditions=[{"field":"role","value":"programmer"}]
[2025-05-29T12:07:29.517Z] [INFO] User logged out
[2025-05-29T12:07:44.484Z] [INFO] User logged in successfully: git_name=mirigerzon, ip=::1
[2025-05-29T12:07:46.918Z] [INFO] Fetched from users with conditions=[{"field":"role","value":"programmer"}]
[2025-05-29T12:07:46.928Z] [INFO] Fetched from users with conditions=[{"field":"role","value":"programmer"}]
[2025-05-29T12:07:52.930Z] [INFO] Fetched from users with conditions=[{"field":"role","value":"programmer"}]
[2025-05-29T12:07:52.940Z] [INFO] Fetched from users with conditions=[{"field":"role","value":"programmer"}]
[2025-05-29T12:08:14.588Z] [INFO] Fetched from users with conditions=[{"field":"role","value":"programmer"}]
[2025-05-29T12:08:14.595Z] [INFO] Fetched from users with conditions=[{"field":"role","value":"programmer"}]
[2025-05-29T12:08:55.197Z] [INFO] Fetched from users with conditions=[{"field":"role","value":"programmer"}]
[2025-05-29T12:08:55.203Z] [INFO] Fetched from users with conditions=[{"field":"role","value":"programmer"}]
[2025-05-29T12:08:56.933Z] [INFO] Fetched from users with conditions=[{"field":"role","value":"programmer"}]
[2025-05-29T12:08:56.937Z] [INFO] Fetched from users with conditions=[{"field":"role","value":"programmer"}]
[2025-05-29T12:09:07.688Z] [INFO] Fetched from users with conditions=[{"field":"role","value":"programmer"}]
[2025-05-29T12:09:07.694Z] [INFO] Fetched from users with conditions=[{"field":"role","value":"programmer"}]
[2025-05-29T12:09:10.920Z] [INFO] Fetched from users with conditions=[{"field":"role","value":"programmer"}]
[2025-05-29T12:09:10.926Z] [INFO] Fetched from users with conditions=[{"field":"role","value":"programmer"}]
[2025-05-29T12:10:07.810Z] [INFO] Fetched from users with conditions=[{"field":"role","value":"programmer"}]
[2025-05-29T12:10:07.817Z] [INFO] Fetched from users with conditions=[{"field":"role","value":"programmer"}]
[2025-05-29T12:10:10.290Z] [INFO] Fetched from users with conditions=[{"field":"role","value":"programmer"}]
[2025-05-29T12:10:10.295Z] [INFO] Fetched from users with conditions=[{"field":"role","value":"programmer"}]
[2025-05-29T12:10:12.961Z] [INFO] Fetched from users with conditions=[{"field":"role","value":"programmer"}]
[2025-05-29T12:10:12.969Z] [INFO] Fetched from users with conditions=[{"field":"role","value":"programmer"}]
[2025-05-29T12:10:57.882Z] [INFO] User logged out
[2025-05-29T12:11:06.970Z] [INFO] User logged in successfully: git_name=mirigerzon, ip=::1
[2025-05-29T12:11:11.854Z] [INFO] Fetched from users with conditions=[{"field":"role","value":"programmer"}]
[2025-05-29T12:11:11.860Z] [INFO] Fetched from users with conditions=[{"field":"role","value":"programmer"}]
[2025-05-29T12:11:35.937Z] [INFO] Fetched from users with conditions=[{"field":"role","value":"programmer"}]
[2025-05-29T12:11:35.943Z] [INFO] Fetched from users with conditions=[{"field":"role","value":"programmer"}]
[2025-05-29T12:11:36.923Z] [INFO] Fetched from users with conditions=[{"field":"role","value":"programmer"}]
[2025-05-29T12:11:36.928Z] [INFO] Fetched from users with conditions=[{"field":"role","value":"programmer"}]
[2025-05-29T12:12:07.948Z] [INFO] Fetched from users with conditions=[{"field":"role","value":"programmer"}]
[2025-05-29T12:12:07.954Z] [INFO] Fetched from users with conditions=[{"field":"role","value":"programmer"}]
[2025-05-29T12:12:10.927Z] [INFO] Fetched from users with conditions=[{"field":"role","value":"programmer"}]
[2025-05-29T12:12:10.931Z] [INFO] Fetched from users with conditions=[{"field":"role","value":"programmer"}]
[2025-05-29T12:12:13.943Z] [INFO] Fetched from users with conditions=[{"field":"role","value":"programmer"}]
[2025-05-29T12:12:13.947Z] [INFO] Fetched from users with conditions=[{"field":"role","value":"programmer"}]
[2025-05-29T12:12:16.930Z] [INFO] Fetched from users with conditions=[{"field":"role","value":"programmer"}]
[2025-05-29T12:12:16.935Z] [INFO] Fetched from users with conditions=[{"field":"role","value":"programmer"}]
[2025-05-29T12:12:27.977Z] [INFO] Fetched from users with conditions=[{"field":"role","value":"programmer"}]
[2025-05-29T12:12:28.151Z] [INFO] Fetched from users with conditions=[{"field":"role","value":"programmer"}]
[2025-05-29T12:12:32.936Z] [INFO] Fetched from users with conditions=[{"field":"role","value":"programmer"}]
[2025-05-29T12:12:32.941Z] [INFO] Fetched from users with conditions=[{"field":"role","value":"programmer"}]
[2025-05-29T12:12:35.940Z] [INFO] Fetched from users with conditions=[{"field":"role","value":"programmer"}]
[2025-05-29T12:12:35.945Z] [INFO] Fetched from users with conditions=[{"field":"role","value":"programmer"}]
[2025-05-29T12:12:37.919Z] [INFO] Fetched from users with conditions=[{"field":"role","value":"programmer"}]
[2025-05-29T12:12:37.923Z] [INFO] Fetched from users with conditions=[{"field":"role","value":"programmer"}]
[2025-05-29T12:12:42.933Z] [INFO] Fetched from users with conditions=[{"field":"role","value":"programmer"}]
[2025-05-29T12:12:42.938Z] [INFO] Fetched from users with conditions=[{"field":"role","value":"programmer"}]
[2025-05-29T12:12:47.931Z] [INFO] Fetched from users with conditions=[{"field":"role","value":"programmer"}]
[2025-05-29T12:12:47.936Z] [INFO] Fetched from users with conditions=[{"field":"role","value":"programmer"}]
[2025-05-29T12:12:51.932Z] [INFO] Fetched from users with conditions=[{"field":"role","value":"programmer"}]
[2025-05-29T12:12:51.935Z] [INFO] Fetched from users with conditions=[{"field":"role","value":"programmer"}]
[2025-05-29T12:12:53.933Z] [INFO] Fetched from users with conditions=[{"field":"role","value":"programmer"}]
[2025-05-29T12:12:53.938Z] [INFO] Fetched from users with conditions=[{"field":"role","value":"programmer"}]
[2025-05-29T12:12:56.943Z] [INFO] Fetched from users with conditions=[{"field":"role","value":"programmer"}]
[2025-05-29T12:12:56.948Z] [INFO] Fetched from users with conditions=[{"field":"role","value":"programmer"}]
[2025-05-29T12:13:01.932Z] [INFO] Fetched from users with conditions=[{"field":"role","value":"programmer"}]
[2025-05-29T12:13:01.938Z] [INFO] Fetched from users with conditions=[{"field":"role","value":"programmer"}]
[2025-05-29T12:13:03.945Z] [INFO] Fetched from users with conditions=[{"field":"role","value":"programmer"}]
[2025-05-29T12:13:03.952Z] [INFO] Fetched from users with conditions=[{"field":"role","value":"programmer"}]
[2025-05-29T12:13:08.050Z] [INFO] Fetched from users with conditions=[{"field":"role","value":"programmer"}]
[2025-05-29T12:13:08.054Z] [INFO] Fetched from users with conditions=[{"field":"role","value":"programmer"}]
[2025-05-29T12:13:08.941Z] [INFO] Fetched from users with conditions=[{"field":"role","value":"programmer"}]
[2025-05-29T12:13:08.951Z] [INFO] Fetched from users with conditions=[{"field":"role","value":"programmer"}]
[2025-05-29T12:13:12.903Z] [INFO] Fetched from users with conditions=[{"field":"role","value":"programmer"}]
[2025-05-29T12:13:12.909Z] [INFO] Fetched from users with conditions=[{"field":"role","value":"programmer"}]
[2025-05-29T12:14:30.213Z] [INFO] Fetched from users with conditions=[{"field":"role","value":"programmer"}]
[2025-05-29T12:14:30.219Z] [INFO] Fetched from users with conditions=[{"field":"role","value":"programmer"}]
[2025-05-29T12:14:50.941Z] [INFO] Fetched from users with conditions=[{"field":"role","value":"programmer"}]
[2025-05-29T12:14:50.946Z] [INFO] Fetched from users with conditions=[{"field":"role","value":"programmer"}]
[2025-05-29T12:14:53.940Z] [INFO] Fetched from users with conditions=[{"field":"role","value":"programmer"}]
[2025-05-29T12:14:53.946Z] [INFO] Fetched from users with conditions=[{"field":"role","value":"programmer"}]
[2025-05-29T12:38:55.753Z] [INFO] Fetched from jobs with conditions=[]
[2025-05-29T12:52:14.010Z] [INFO] Access token refreshed for userId=4, ip=::1
[2025-05-29T12:52:14.021Z] [INFO] Access token refreshed for userId=4, ip=::1
[2025-05-29T12:52:14.033Z] [INFO] Fetched from users with conditions=[]
[2025-05-29T12:52:14.041Z] [INFO] Fetched from users with conditions=[]
[2025-05-29T12:52:42.873Z] [INFO] Fetched from users with conditions=[]
[2025-05-29T12:52:42.887Z] [INFO] Fetched from users with conditions=[]
[2025-05-30T09:24:15.206Z] [INFO] Fetched from users with conditions=[]
[2025-05-30T09:24:15.215Z] [INFO] Fetched from users with conditions=[]
[2025-05-30T09:26:13.292Z] [INFO] Fetched from users with conditions=[]
[2025-05-30T09:26:13.298Z] [INFO] Fetched from users with conditions=[]
[2025-05-30T09:26:30.801Z] [INFO] Fetched from users with conditions=[]
[2025-05-30T09:26:30.806Z] [INFO] Fetched from users with conditions=[]
[2025-05-30T09:26:39.031Z] [INFO] Fetched from users with conditions=[]
[2025-05-30T09:26:39.036Z] [INFO] Fetched from users with conditions=[]
[2025-05-30T09:27:03.871Z] [INFO] Fetched from users with conditions=[]
[2025-05-30T09:27:03.875Z] [INFO] Fetched from users with conditions=[]
[2025-05-30T09:27:06.870Z] [INFO] Fetched from users with conditions=[]
[2025-05-30T09:27:06.873Z] [INFO] Fetched from users with conditions=[]
[2025-05-30T09:27:10.875Z] [INFO] Fetched from users with conditions=[]
[2025-05-30T09:27:10.880Z] [INFO] Fetched from users with conditions=[]
[2025-05-30T09:27:12.868Z] [INFO] Fetched from users with conditions=[]
[2025-05-30T09:27:12.874Z] [INFO] Fetched from users with conditions=[]
[2025-05-30T09:27:19.871Z] [INFO] Fetched from users with conditions=[]
[2025-05-30T09:27:19.874Z] [INFO] Fetched from users with conditions=[]
[2025-05-30T09:27:20.885Z] [INFO] Fetched from users with conditions=[]
[2025-05-30T09:27:20.889Z] [INFO] Fetched from users with conditions=[]
[2025-05-30T09:27:49.229Z] [INFO] Fetched from users with conditions=[]
[2025-05-30T09:27:49.233Z] [INFO] Fetched from users with conditions=[]
[2025-05-30T09:27:58.880Z] [INFO] Fetched from users with conditions=[]
[2025-05-30T09:27:58.884Z] [INFO] Fetched from users with conditions=[]
[2025-05-30T09:28:03.371Z] [INFO] Fetched from users with conditions=[]
[2025-05-30T09:28:03.377Z] [INFO] Fetched from users with conditions=[]
[2025-05-30T09:28:06.871Z] [INFO] Fetched from users with conditions=[]
[2025-05-30T09:28:06.875Z] [INFO] Fetched from users with conditions=[]
[2025-05-30T09:28:08.793Z] [INFO] Fetched from users with conditions=[]
[2025-05-30T09:28:08.809Z] [INFO] Fetched from users with conditions=[]
[2025-05-30T09:28:14.344Z] [INFO] Fetched from users with conditions=[]
[2025-05-30T09:28:14.349Z] [INFO] Fetched from users with conditions=[]
[2025-05-30T09:29:03.341Z] [INFO] Fetched from users with conditions=[]
[2025-05-30T09:29:03.348Z] [INFO] Fetched from users with conditions=[]
[2025-05-30T09:30:48.733Z] [INFO] Fetched from users with conditions=[]
[2025-05-30T09:30:48.739Z] [INFO] Fetched from users with conditions=[]
[2025-05-30T09:31:34.286Z] [INFO] Fetched from users with conditions=[]
[2025-05-30T09:31:43.447Z] [INFO] Fetched from users with conditions=[]
[2025-05-30T09:35:08.909Z] [INFO] Fetched from users with conditions=[]
[2025-05-30T09:35:08.916Z] [INFO] Fetched from users with conditions=[]
[2025-05-30T09:35:27.637Z] [INFO] Fetched from users with conditions=[]
[2025-05-30T09:35:27.642Z] [INFO] Fetched from users with conditions=[]
[2025-05-30T09:36:45.371Z] [INFO] Fetched from users with conditions=[]
[2025-05-30T09:36:45.377Z] [INFO] Fetched from users with conditions=[]
[2025-05-30T09:38:34.494Z] [INFO] Fetched from users with conditions=[]
[2025-05-30T09:38:34.498Z] [INFO] Fetched from users with conditions=[]
[2025-05-30T09:44:39.090Z] [INFO] Fetched from users with conditions=[]
[2025-05-30T09:44:39.094Z] [INFO] Fetched from users with conditions=[]
[2025-05-30T09:45:16.958Z] [INFO] Fetched from users with conditions=[]
[2025-05-30T09:45:16.963Z] [INFO] Fetched from users with conditions=[]
[2025-05-30T09:46:09.726Z] [INFO] Fetched from users with conditions=[]
[2025-05-30T09:46:09.732Z] [INFO] Fetched from users with conditions=[]
[2025-05-30T09:49:09.351Z] [INFO] Fetched from users with conditions=[]
[2025-05-30T09:49:09.355Z] [INFO] Fetched from users with conditions=[]
[2025-05-30T09:49:44.996Z] [INFO] Fetched from users with conditions=[]
[2025-05-30T09:49:45.004Z] [INFO] Fetched from users with conditions=[]
[2025-05-30T09:50:33.740Z] [INFO] Fetched from users with conditions=[]
[2025-05-30T09:50:33.744Z] [INFO] Fetched from users with conditions=[]
[2025-05-30T09:53:20.348Z] [INFO] Fetched from users with conditions=[]
[2025-05-30T09:53:20.352Z] [INFO] Fetched from users with conditions=[]
[2025-05-30T09:54:22.242Z] [INFO] Fetched from users with conditions=[]
[2025-05-30T09:54:22.247Z] [INFO] Fetched from users with conditions=[]
[2025-05-30T09:58:10.914Z] [INFO] Fetched from users with conditions=[]
[2025-05-30T09:58:10.921Z] [INFO] Fetched from users with conditions=[]
[2025-05-30T09:58:22.865Z] [INFO] Fetched from users with conditions=[]
[2025-05-30T09:58:22.871Z] [INFO] Fetched from users with conditions=[]
[2025-05-30T09:58:54.380Z] [INFO] Fetched from users with conditions=[]
[2025-05-30T09:58:54.386Z] [INFO] Fetched from users with conditions=[]
[2025-05-30T10:05:55.868Z] [INFO] Fetched from users with conditions=[]
[2025-05-30T10:05:55.871Z] [INFO] Fetched from users with conditions=[]
[2025-05-30T10:07:27.660Z] [INFO] Fetched from users with conditions=[]
[2025-05-30T10:07:27.665Z] [INFO] Fetched from users with conditions=[]
[2025-05-30T10:07:47.878Z] [INFO] Fetched from users with conditions=[]
[2025-05-30T10:07:47.881Z] [INFO] Fetched from users with conditions=[]
[2025-05-30T10:07:59.168Z] [INFO] Fetched from users with conditions=[]
[2025-05-30T10:07:59.174Z] [INFO] Fetched from users with conditions=[]
[2025-05-30T10:08:02.872Z] [INFO] Fetched from users with conditions=[]
[2025-05-30T10:08:02.877Z] [INFO] Fetched from users with conditions=[]
[2025-05-30T10:08:04.869Z] [INFO] Fetched from users with conditions=[]
[2025-05-30T10:08:04.873Z] [INFO] Fetched from users with conditions=[]
[2025-05-30T10:08:06.860Z] [INFO] Fetched from users with conditions=[]
[2025-05-30T10:08:06.865Z] [INFO] Fetched from users with conditions=[]
[2025-05-30T10:08:08.576Z] [INFO] Fetched from users with conditions=[]
[2025-05-30T10:08:08.582Z] [INFO] Fetched from users with conditions=[]
[2025-05-30T10:09:00.237Z] [INFO] Fetched from users with conditions=[]
[2025-05-30T10:09:00.245Z] [INFO] Fetched from users with conditions=[]
[2025-05-30T10:09:40.460Z] [INFO] Fetched from users with conditions=[]
[2025-05-30T10:09:40.469Z] [INFO] Fetched from users with conditions=[]
[2025-05-30T10:12:28.227Z] [INFO] User logged out
[2025-05-30T10:12:37.231Z] [INFO] User logged in successfully: git_name=mirigerzon, ip=::1
[2025-05-30T10:12:42.061Z] [INFO] Fetched from users with conditions=[]
[2025-05-30T10:12:42.067Z] [INFO] Fetched from users with conditions=[]
[2025-05-30T10:13:04.432Z] [INFO] User logged out
